2026-07-04 03:01:32.754 +03:00 [INF] Starting Enjaz API.
2026-07-04 03:02:06.418 +03:00 [INF] Starting Hangfire Server using job storage: 'PostgreSQL Server: Host: localhost, DB: enjaz_dev, Schema: hangfire'
2026-07-04 03:02:06.648 +03:00 [WRN] Failed to determine the https port for redirect.
2026-07-04 03:02:06.684 +03:00 [INF] HTTP GET /swagger/index.html responded 200 in 52.7188 ms
2026-07-04 03:02:06.719 +03:00 [INF] Using the following options for PostgreSQL job storage:
2026-07-04 03:02:06.848 +03:00 [INF]     Queue poll interval: 00:00:15.
2026-07-04 03:02:06.882 +03:00 [INF]     Invisibility timeout: 00:30:00.
2026-07-04 03:02:06.915 +03:00 [INF]     Use sliding invisibility timeout: False.
2026-07-04 03:02:06.917 +03:00 [INF] Using the following options for Hangfire Server:
    Worker count: 20
    Listening queues: 'default'
    Shutdown timeout: 00:00:15
    Schedule polling interval: 00:00:15
2026-07-04 03:02:07.664 +03:00 [ERR] Health check postgresql with status "Unhealthy" completed after 63.2528ms with message '28P01: password authentication failed for user "enjaz"'
Npgsql.PostgresException (0x80004005): 28P01: password authentication failed for user "enjaz"
   at Npgsql.Internal.NpgsqlConnector.ReadMessageLong(Boolean async, DataRowLoadingMode dataRowLoadingMode, Boolean readingNotifications, Boolean isReadingPrependedMessage)
   at System.Runtime.CompilerServices.PoolingAsyncValueTaskMethodBuilder`1.StateMachineBox`1.System.Threading.Tasks.Sources.IValueTaskSource<TResult>.GetResult(Int16 token)
   at Npgsql.Internal.NpgsqlConnector.AuthenticateSASL(List`1 mechanisms, String username, Boolean async, CancellationToken cancellationToken)
   at Npgsql.Internal.NpgsqlConnector.Authenticate(String username, NpgsqlTimeout timeout, Boolean async, CancellationToken cancellationToken)
   at Npgsql.Internal.NpgsqlConnector.<Open>g__OpenCore|209_0(NpgsqlConnector conn, String username, SslMode sslMode, GssEncryptionMode gssEncMode, NpgsqlTimeout timeout, Boolean async, CancellationToken cancellationToken)
   at Npgsql.Internal.NpgsqlConnector.<Open>g__OpenCore|209_0(NpgsqlConnector conn, String username, SslMode sslMode, GssEncryptionMode gssEncMode, NpgsqlTimeout timeout, Boolean async, CancellationToken cancellationToken)
   at Npgsql.Internal.NpgsqlConnector.Open(NpgsqlTimeout timeout, Boolean async, CancellationToken cancellationToken)
   at Npgsql.PoolingDataSource.OpenNewConnector(NpgsqlConnection conn, NpgsqlTimeout timeout, Boolean async, CancellationToken cancellationToken)
   at Npgsql.PoolingDataSource.<Get>g__RentAsync|33_0(NpgsqlConnection conn, NpgsqlTimeout timeout, Boolean async, CancellationToken cancellationToken)
   at Npgsql.NpgsqlConnection.<Open>g__OpenAsync|42_0(Boolean async, CancellationToken cancellationToken)
   at HealthChecks.NpgSql.NpgSqlHealthCheck.CheckHealthAsync(HealthCheckContext context, CancellationToken cancellationToken) in /home/runner/work/AspNetCore.Diagnostics.HealthChecks/AspNetCore.Diagnostics.HealthChecks/src/HealthChecks.NpgSql/NpgSqlHealthCheck.cs:line 31
   at HealthChecks.NpgSql.NpgSqlHealthCheck.CheckHealthAsync(HealthCheckContext context, CancellationToken cancellationToken) in /home/runner/work/AspNetCore.Diagnostics.HealthChecks/AspNetCore.Diagnostics.HealthChecks/src/HealthChecks.NpgSql/NpgSqlHealthCheck.cs:line 37
  Exception data:
    Severity: FATAL
    SqlState: 28P01
    MessageText: password authentication failed for user "enjaz"
    File: auth.c
    Line: 320
    Routine: auth_failed
2026-07-04 03:02:07.899 +03:00 [ERR] HTTP GET /health responded 503 in 1268.5208 ms
2026-07-04 03:02:38.329 +03:00 [ERR] HTTP GET /hangfire responded 500 in 31699.0071 ms
Npgsql.PostgresException (0x80004005): 28P01: password authentication failed for user "enjaz"
   at Npgsql.Internal.NpgsqlConnector.ReadMessageLong(Boolean async, DataRowLoadingMode dataRowLoadingMode, Boolean readingNotifications, Boolean isReadingPrependedMessage)
   at System.Runtime.CompilerServices.PoolingAsyncValueTaskMethodBuilder`1.StateMachineBox`1.System.Threading.Tasks.Sources.IValueTaskSource<TResult>.GetResult(Int16 token)
   at Npgsql.Internal.NpgsqlConnector.AuthenticateSASL(List`1 mechanisms, String username, Boolean async, CancellationToken cancellationToken)
   at Npgsql.Internal.NpgsqlConnector.Authenticate(String username, NpgsqlTimeout timeout, Boolean async, CancellationToken cancellationToken)
   at Npgsql.Internal.NpgsqlConnector.<Open>g__OpenCore|209_0(NpgsqlConnector conn, String username, SslMode sslMode, GssEncryptionMode gssEncMode, NpgsqlTimeout timeout, Boolean async, CancellationToken cancellationToken)
   at Npgsql.Internal.NpgsqlConnector.<Open>g__OpenCore|209_0(NpgsqlConnector conn, String username, SslMode sslMode, GssEncryptionMode gssEncMode, NpgsqlTimeout timeout, Boolean async, CancellationToken cancellationToken)
   at Npgsql.Internal.NpgsqlConnector.Open(NpgsqlTimeout timeout, Boolean async, CancellationToken cancellationToken)
   at Npgsql.PoolingDataSource.OpenNewConnector(NpgsqlConnection conn, NpgsqlTimeout timeout, Boolean async, CancellationToken cancellationToken)
   at Npgsql.PoolingDataSource.<Get>g__RentAsync|33_0(NpgsqlConnection conn, NpgsqlTimeout timeout, Boolean async, CancellationToken cancellationToken)
   at Npgsql.NpgsqlConnection.<Open>g__OpenAsync|42_0(Boolean async, CancellationToken cancellationToken)
   at Npgsql.NpgsqlConnection.Open()
   at Hangfire.PostgreSql.PostgreSqlStorage.CreateAndOpenConnection()
   at Hangfire.PostgreSql.PostgreSqlStorage.UseConnection[T](DbConnection dedicatedConnection, Func`2 func)
   at Hangfire.PostgreSql.PostgreSqlMonitoringApi.UseConnection[T](Func`2 func)
   at Hangfire.PostgreSql.PostgreSqlMonitoringApi.GetTimelineStats(IDictionary`2 keyMaps)
   at Hangfire.PostgreSql.PostgreSqlMonitoringApi.GetHourlyTimelineStats(String type)
   at Hangfire.PostgreSql.PostgreSqlMonitoringApi.HourlySucceededJobs()
   at Hangfire.Dashboard.Pages.HomePage.Execute() in C:\projects\hangfire-525\src\Hangfire.Core\Dashboard\Pages\HomePage.cshtml:line 31
   at Hangfire.Dashboard.RazorPage.TransformText(String body) in C:\projects\hangfire-525\src\Hangfire.Core\Dashboard\RazorPage.cs:line 179
   at Hangfire.Dashboard.RazorPage.ToString() in C:\projects\hangfire-525\src\Hangfire.Core\Dashboard\RazorPage.cs:line 103
   at Hangfire.Dashboard.RazorPageDispatcher.Dispatch(DashboardContext context) in C:\projects\hangfire-525\src\Hangfire.Core\Dashboard\RazorPageDispatcher.cs:line 38
   at Hangfire.Dashboard.AspNetCoreDashboardMiddleware.Invoke(HttpContext httpContext) in C:\projects\hangfire-525\src\Hangfire.AspNetCore\Dashboard\AspNetCoreDashboardMiddleware.cs:line 122
   at Microsoft.AspNetCore.Builder.Extensions.MapMiddleware.InvokeCore(HttpContext context, PathString matchedPath, PathString remainingPath)
   at Swashbuckle.AspNetCore.SwaggerUI.SwaggerUIMiddleware.Invoke(HttpContext httpContext)
   at Swashbuckle.AspNetCore.Swagger.SwaggerMiddleware.Invoke(HttpContext httpContext, ISwaggerProvider swaggerProvider)
   at Serilog.AspNetCore.RequestLoggingMiddleware.Invoke(HttpContext httpContext)
  Exception data:
    Severity: FATAL
    SqlState: 28P01
    MessageText: password authentication failed for user "enjaz"
    File: auth.c
    Line: 320
    Routine: auth_failed
2026-07-04 03:02:38.400 +03:00 [ERR] Unhandled exception occurred while processing the request.
Npgsql.PostgresException (0x80004005): 28P01: password authentication failed for user "enjaz"
   at Npgsql.Internal.NpgsqlConnector.ReadMessageLong(Boolean async, DataRowLoadingMode dataRowLoadingMode, Boolean readingNotifications, Boolean isReadingPrependedMessage)
   at System.Runtime.CompilerServices.PoolingAsyncValueTaskMethodBuilder`1.StateMachineBox`1.System.Threading.Tasks.Sources.IValueTaskSource<TResult>.GetResult(Int16 token)
   at Npgsql.Internal.NpgsqlConnector.AuthenticateSASL(List`1 mechanisms, String username, Boolean async, CancellationToken cancellationToken)
   at Npgsql.Internal.NpgsqlConnector.Authenticate(String username, NpgsqlTimeout timeout, Boolean async, CancellationToken cancellationToken)
   at Npgsql.Internal.NpgsqlConnector.<Open>g__OpenCore|209_0(NpgsqlConnector conn, String username, SslMode sslMode, GssEncryptionMode gssEncMode, NpgsqlTimeout timeout, Boolean async, CancellationToken cancellationToken)
   at Npgsql.Internal.NpgsqlConnector.<Open>g__OpenCore|209_0(NpgsqlConnector conn, String username, SslMode sslMode, GssEncryptionMode gssEncMode, NpgsqlTimeout timeout, Boolean async, CancellationToken cancellationToken)
   at Npgsql.Internal.NpgsqlConnector.Open(NpgsqlTimeout timeout, Boolean async, CancellationToken cancellationToken)
   at Npgsql.PoolingDataSource.OpenNewConnector(NpgsqlConnection conn, NpgsqlTimeout timeout, Boolean async, CancellationToken cancellationToken)
   at Npgsql.PoolingDataSource.<Get>g__RentAsync|33_0(NpgsqlConnection conn, NpgsqlTimeout timeout, Boolean async, CancellationToken cancellationToken)
   at Npgsql.NpgsqlConnection.<Open>g__OpenAsync|42_0(Boolean async, CancellationToken cancellationToken)
   at Npgsql.NpgsqlConnection.Open()
   at Hangfire.PostgreSql.PostgreSqlStorage.CreateAndOpenConnection()
   at Hangfire.PostgreSql.PostgreSqlStorage.UseConnection[T](DbConnection dedicatedConnection, Func`2 func)
   at Hangfire.PostgreSql.PostgreSqlMonitoringApi.UseConnection[T](Func`2 func)
   at Hangfire.PostgreSql.PostgreSqlMonitoringApi.GetTimelineStats(IDictionary`2 keyMaps)
   at Hangfire.PostgreSql.PostgreSqlMonitoringApi.GetHourlyTimelineStats(String type)
   at Hangfire.PostgreSql.PostgreSqlMonitoringApi.HourlySucceededJobs()
   at Hangfire.Dashboard.Pages.HomePage.Execute() in C:\projects\hangfire-525\src\Hangfire.Core\Dashboard\Pages\HomePage.cshtml:line 31
   at Hangfire.Dashboard.RazorPage.TransformText(String body) in C:\projects\hangfire-525\src\Hangfire.Core\Dashboard\RazorPage.cs:line 179
   at Hangfire.Dashboard.RazorPage.ToString() in C:\projects\hangfire-525\src\Hangfire.Core\Dashboard\RazorPage.cs:line 103
   at Hangfire.Dashboard.RazorPageDispatcher.Dispatch(DashboardContext context) in C:\projects\hangfire-525\src\Hangfire.Core\Dashboard\RazorPageDispatcher.cs:line 38
   at Hangfire.Dashboard.AspNetCoreDashboardMiddleware.Invoke(HttpContext httpContext) in C:\projects\hangfire-525\src\Hangfire.AspNetCore\Dashboard\AspNetCoreDashboardMiddleware.cs:line 122
   at Microsoft.AspNetCore.Builder.Extensions.MapMiddleware.InvokeCore(HttpContext context, PathString matchedPath, PathString remainingPath)
   at Swashbuckle.AspNetCore.SwaggerUI.SwaggerUIMiddleware.Invoke(HttpContext httpContext)
   at Swashbuckle.AspNetCore.Swagger.SwaggerMiddleware.Invoke(HttpContext httpContext, ISwaggerProvider swaggerProvider)
   at Serilog.AspNetCore.RequestLoggingMiddleware.Invoke(HttpContext httpContext)
   at Enjaz.BuildingBlocks.Exceptions.GlobalExceptionHandlingMiddleware.InvokeAsync(HttpContext context) in E:\Projects\Enjaz\src\Enjaz.BuildingBlocks\Exceptions\GlobalExceptionHandlingMiddleware.cs:line 25
  Exception data:
    Severity: FATAL
    SqlState: 28P01
    MessageText: password authentication failed for user "enjaz"
    File: auth.c
    Line: 320
    Routine: auth_failed
2026-07-04 03:03:09.911 +03:00 [INF] Starting Enjaz API.
2026-07-04 03:03:41.872 +03:00 [INF] Starting Hangfire Server using job storage: 'PostgreSQL Server: Host: localhost, DB: enjaz_dev, Schema: hangfire'
2026-07-04 03:03:42.062 +03:00 [WRN] Failed to determine the https port for redirect.
2026-07-04 03:03:42.102 +03:00 [INF] HTTP GET /swagger/index.html responded 200 in 57.3214 ms
2026-07-04 03:03:42.175 +03:00 [INF] Using the following options for PostgreSQL job storage:
2026-07-04 03:03:42.270 +03:00 [INF]     Queue poll interval: 00:00:15.
2026-07-04 03:03:42.304 +03:00 [INF]     Invisibility timeout: 00:30:00.
2026-07-04 03:03:42.337 +03:00 [INF]     Use sliding invisibility timeout: False.
2026-07-04 03:03:42.371 +03:00 [INF] Using the following options for Hangfire Server:
    Worker count: 20
    Listening queues: 'default'
    Shutdown timeout: 00:00:15
    Schedule polling interval: 00:00:15
2026-07-04 03:03:42.396 +03:00 [ERR] Health check postgresql with status "Unhealthy" completed after 173.9237ms with message '28P01: password authentication failed for user "enjaz"'
Npgsql.PostgresException (0x80004005): 28P01: password authentication failed for user "enjaz"
   at Npgsql.Internal.NpgsqlConnector.ReadMessageLong(Boolean async, DataRowLoadingMode dataRowLoadingMode, Boolean readingNotifications, Boolean isReadingPrependedMessage)
   at System.Runtime.CompilerServices.PoolingAsyncValueTaskMethodBuilder`1.StateMachineBox`1.System.Threading.Tasks.Sources.IValueTaskSource<TResult>.GetResult(Int16 token)
   at Npgsql.Internal.NpgsqlConnector.AuthenticateSASL(List`1 mechanisms, String username, Boolean async, CancellationToken cancellationToken)
   at Npgsql.Internal.NpgsqlConnector.Authenticate(String username, NpgsqlTimeout timeout, Boolean async, CancellationToken cancellationToken)
   at Npgsql.Internal.NpgsqlConnector.<Open>g__OpenCore|209_0(NpgsqlConnector conn, String username, SslMode sslMode, GssEncryptionMode gssEncMode, NpgsqlTimeout timeout, Boolean async, CancellationToken cancellationToken)
   at Npgsql.Internal.NpgsqlConnector.<Open>g__OpenCore|209_0(NpgsqlConnector conn, String username, SslMode sslMode, GssEncryptionMode gssEncMode, NpgsqlTimeout timeout, Boolean async, CancellationToken cancellationToken)
   at Npgsql.Internal.NpgsqlConnector.Open(NpgsqlTimeout timeout, Boolean async, CancellationToken cancellationToken)
   at Npgsql.PoolingDataSource.OpenNewConnector(NpgsqlConnection conn, NpgsqlTimeout timeout, Boolean async, CancellationToken cancellationToken)
   at Npgsql.PoolingDataSource.<Get>g__RentAsync|33_0(NpgsqlConnection conn, NpgsqlTimeout timeout, Boolean async, CancellationToken cancellationToken)
   at Npgsql.NpgsqlConnection.<Open>g__OpenAsync|42_0(Boolean async, CancellationToken cancellationToken)
   at HealthChecks.NpgSql.NpgSqlHealthCheck.CheckHealthAsync(HealthCheckContext context, CancellationToken cancellationToken) in /home/runner/work/AspNetCore.Diagnostics.HealthChecks/AspNetCore.Diagnostics.HealthChecks/src/HealthChecks.NpgSql/NpgSqlHealthCheck.cs:line 31
   at HealthChecks.NpgSql.NpgSqlHealthCheck.CheckHealthAsync(HealthCheckContext context, CancellationToken cancellationToken) in /home/runner/work/AspNetCore.Diagnostics.HealthChecks/AspNetCore.Diagnostics.HealthChecks/src/HealthChecks.NpgSql/NpgSqlHealthCheck.cs:line 37
  Exception data:
    Severity: FATAL
    SqlState: 28P01
    MessageText: password authentication failed for user "enjaz"
    File: auth.c
    Line: 320
    Routine: auth_failed
2026-07-04 03:03:42.423 +03:00 [ERR] HTTP GET /health responded 503 in 365.1065 ms
2026-07-04 03:04:13.797 +03:00 [ERR] HTTP GET /hangfire responded 500 in 31753.6606 ms
Npgsql.PostgresException (0x80004005): 28P01: password authentication failed for user "enjaz"
   at Npgsql.Internal.NpgsqlConnector.ReadMessageLong(Boolean async, DataRowLoadingMode dataRowLoadingMode, Boolean readingNotifications, Boolean isReadingPrependedMessage)
   at System.Runtime.CompilerServices.PoolingAsyncValueTaskMethodBuilder`1.StateMachineBox`1.System.Threading.Tasks.Sources.IValueTaskSource<TResult>.GetResult(Int16 token)
   at Npgsql.Internal.NpgsqlConnector.AuthenticateSASL(List`1 mechanisms, String username, Boolean async, CancellationToken cancellationToken)
   at Npgsql.Internal.NpgsqlConnector.Authenticate(String username, NpgsqlTimeout timeout, Boolean async, CancellationToken cancellationToken)
   at Npgsql.Internal.NpgsqlConnector.<Open>g__OpenCore|209_0(NpgsqlConnector conn, String username, SslMode sslMode, GssEncryptionMode gssEncMode, NpgsqlTimeout timeout, Boolean async, CancellationToken cancellationToken)
   at Npgsql.Internal.NpgsqlConnector.<Open>g__OpenCore|209_0(NpgsqlConnector conn, String username, SslMode sslMode, GssEncryptionMode gssEncMode, NpgsqlTimeout timeout, Boolean async, CancellationToken cancellationToken)
   at Npgsql.Internal.NpgsqlConnector.Open(NpgsqlTimeout timeout, Boolean async, CancellationToken cancellationToken)
   at Npgsql.PoolingDataSource.OpenNewConnector(NpgsqlConnection conn, NpgsqlTimeout timeout, Boolean async, CancellationToken cancellationToken)
   at Npgsql.PoolingDataSource.<Get>g__RentAsync|33_0(NpgsqlConnection conn, NpgsqlTimeout timeout, Boolean async, CancellationToken cancellationToken)
   at Npgsql.NpgsqlConnection.<Open>g__OpenAsync|42_0(Boolean async, CancellationToken cancellationToken)
   at Npgsql.NpgsqlConnection.Open()
   at Hangfire.PostgreSql.PostgreSqlStorage.CreateAndOpenConnection()
   at Hangfire.PostgreSql.PostgreSqlStorage.UseConnection[T](DbConnection dedicatedConnection, Func`2 func)
   at Hangfire.PostgreSql.PostgreSqlMonitoringApi.UseConnection[T](Func`2 func)
   at Hangfire.PostgreSql.PostgreSqlMonitoringApi.GetTimelineStats(IDictionary`2 keyMaps)
   at Hangfire.PostgreSql.PostgreSqlMonitoringApi.GetHourlyTimelineStats(String type)
   at Hangfire.PostgreSql.PostgreSqlMonitoringApi.HourlySucceededJobs()
   at Hangfire.Dashboard.Pages.HomePage.Execute() in C:\projects\hangfire-525\src\Hangfire.Core\Dashboard\Pages\HomePage.cshtml:line 31
   at Hangfire.Dashboard.RazorPage.TransformText(String body) in C:\projects\hangfire-525\src\Hangfire.Core\Dashboard\RazorPage.cs:line 179
   at Hangfire.Dashboard.RazorPage.ToString() in C:\projects\hangfire-525\src\Hangfire.Core\Dashboard\RazorPage.cs:line 103
   at Hangfire.Dashboard.RazorPageDispatcher.Dispatch(DashboardContext context) in C:\projects\hangfire-525\src\Hangfire.Core\Dashboard\RazorPageDispatcher.cs:line 38
   at Hangfire.Dashboard.AspNetCoreDashboardMiddleware.Invoke(HttpContext httpContext) in C:\projects\hangfire-525\src\Hangfire.AspNetCore\Dashboard\AspNetCoreDashboardMiddleware.cs:line 122
   at Microsoft.AspNetCore.Builder.Extensions.MapMiddleware.InvokeCore(HttpContext context, PathString matchedPath, PathString remainingPath)
   at Swashbuckle.AspNetCore.SwaggerUI.SwaggerUIMiddleware.Invoke(HttpContext httpContext)
   at Swashbuckle.AspNetCore.Swagger.SwaggerMiddleware.Invoke(HttpContext httpContext, ISwaggerProvider swaggerProvider)
   at Serilog.AspNetCore.RequestLoggingMiddleware.Invoke(HttpContext httpContext)
  Exception data:
    Severity: FATAL
    SqlState: 28P01
    MessageText: password authentication failed for user "enjaz"
    File: auth.c
    Line: 320
    Routine: auth_failed
2026-07-04 03:04:13.816 +03:00 [ERR] Unhandled exception occurred while processing the request.
Npgsql.PostgresException (0x80004005): 28P01: password authentication failed for user "enjaz"
   at Npgsql.Internal.NpgsqlConnector.ReadMessageLong(Boolean async, DataRowLoadingMode dataRowLoadingMode, Boolean readingNotifications, Boolean isReadingPrependedMessage)
   at System.Runtime.CompilerServices.PoolingAsyncValueTaskMethodBuilder`1.StateMachineBox`1.System.Threading.Tasks.Sources.IValueTaskSource<TResult>.GetResult(Int16 token)
   at Npgsql.Internal.NpgsqlConnector.AuthenticateSASL(List`1 mechanisms, String username, Boolean async, CancellationToken cancellationToken)
   at Npgsql.Internal.NpgsqlConnector.Authenticate(String username, NpgsqlTimeout timeout, Boolean async, CancellationToken cancellationToken)
   at Npgsql.Internal.NpgsqlConnector.<Open>g__OpenCore|209_0(NpgsqlConnector conn, String username, SslMode sslMode, GssEncryptionMode gssEncMode, NpgsqlTimeout timeout, Boolean async, CancellationToken cancellationToken)
   at Npgsql.Internal.NpgsqlConnector.<Open>g__OpenCore|209_0(NpgsqlConnector conn, String username, SslMode sslMode, GssEncryptionMode gssEncMode, NpgsqlTimeout timeout, Boolean async, CancellationToken cancellationToken)
   at Npgsql.Internal.NpgsqlConnector.Open(NpgsqlTimeout timeout, Boolean async, CancellationToken cancellationToken)
   at Npgsql.PoolingDataSource.OpenNewConnector(NpgsqlConnection conn, NpgsqlTimeout timeout, Boolean async, CancellationToken cancellationToken)
   at Npgsql.PoolingDataSource.<Get>g__RentAsync|33_0(NpgsqlConnection conn, NpgsqlTimeout timeout, Boolean async, CancellationToken cancellationToken)
   at Npgsql.NpgsqlConnection.<Open>g__OpenAsync|42_0(Boolean async, CancellationToken cancellationToken)
   at Npgsql.NpgsqlConnection.Open()
   at Hangfire.PostgreSql.PostgreSqlStorage.CreateAndOpenConnection()
   at Hangfire.PostgreSql.PostgreSqlStorage.UseConnection[T](DbConnection dedicatedConnection, Func`2 func)
   at Hangfire.PostgreSql.PostgreSqlMonitoringApi.UseConnection[T](Func`2 func)
   at Hangfire.PostgreSql.PostgreSqlMonitoringApi.GetTimelineStats(IDictionary`2 keyMaps)
   at Hangfire.PostgreSql.PostgreSqlMonitoringApi.GetHourlyTimelineStats(String type)
   at Hangfire.PostgreSql.PostgreSqlMonitoringApi.HourlySucceededJobs()
   at Hangfire.Dashboard.Pages.HomePage.Execute() in C:\projects\hangfire-525\src\Hangfire.Core\Dashboard\Pages\HomePage.cshtml:line 31
   at Hangfire.Dashboard.RazorPage.TransformText(String body) in C:\projects\hangfire-525\src\Hangfire.Core\Dashboard\RazorPage.cs:line 179
   at Hangfire.Dashboard.RazorPage.ToString() in C:\projects\hangfire-525\src\Hangfire.Core\Dashboard\RazorPage.cs:line 103
   at Hangfire.Dashboard.RazorPageDispatcher.Dispatch(DashboardContext context) in C:\projects\hangfire-525\src\Hangfire.Core\Dashboard\RazorPageDispatcher.cs:line 38
   at Hangfire.Dashboard.AspNetCoreDashboardMiddleware.Invoke(HttpContext httpContext) in C:\projects\hangfire-525\src\Hangfire.AspNetCore\Dashboard\AspNetCoreDashboardMiddleware.cs:line 122
   at Microsoft.AspNetCore.Builder.Extensions.MapMiddleware.InvokeCore(HttpContext context, PathString matchedPath, PathString remainingPath)
   at Swashbuckle.AspNetCore.SwaggerUI.SwaggerUIMiddleware.Invoke(HttpContext httpContext)
   at Swashbuckle.AspNetCore.Swagger.SwaggerMiddleware.Invoke(HttpContext httpContext, ISwaggerProvider swaggerProvider)
   at Serilog.AspNetCore.RequestLoggingMiddleware.Invoke(HttpContext httpContext)
   at Enjaz.BuildingBlocks.Exceptions.GlobalExceptionHandlingMiddleware.InvokeAsync(HttpContext context) in E:\Projects\Enjaz\src\Enjaz.BuildingBlocks\Exceptions\GlobalExceptionHandlingMiddleware.cs:line 25
  Exception data:
    Severity: FATAL
    SqlState: 28P01
    MessageText: password authentication failed for user "enjaz"
    File: auth.c
    Line: 320
    Routine: auth_failed
2026-07-04 03:04:45.850 +03:00 [ERR] Execution BackgroundServerProcess is in the Failed state now due to an exception, execution will be retried in no more than 00:00:15
Npgsql.PostgresException (0x80004005): 28P01: password authentication failed for user "enjaz"
   at Npgsql.Internal.NpgsqlConnector.ReadMessageLong(Boolean async, DataRowLoadingMode dataRowLoadingMode, Boolean readingNotifications, Boolean isReadingPrependedMessage)
   at System.Runtime.CompilerServices.PoolingAsyncValueTaskMethodBuilder`1.StateMachineBox`1.System.Threading.Tasks.Sources.IValueTaskSource<TResult>.GetResult(Int16 token)
   at Npgsql.Internal.NpgsqlConnector.AuthenticateSASL(List`1 mechanisms, String username, Boolean async, CancellationToken cancellationToken)
   at Npgsql.Internal.NpgsqlConnector.Authenticate(String username, NpgsqlTimeout timeout, Boolean async, CancellationToken cancellationToken)
   at Npgsql.Internal.NpgsqlConnector.<Open>g__OpenCore|209_0(NpgsqlConnector conn, String username, SslMode sslMode, GssEncryptionMode gssEncMode, NpgsqlTimeout timeout, Boolean async, CancellationToken cancellationToken)
   at Npgsql.Internal.NpgsqlConnector.<Open>g__OpenCore|209_0(NpgsqlConnector conn, String username, SslMode sslMode, GssEncryptionMode gssEncMode, NpgsqlTimeout timeout, Boolean async, CancellationToken cancellationToken)
   at Npgsql.Internal.NpgsqlConnector.Open(NpgsqlTimeout timeout, Boolean async, CancellationToken cancellationToken)
   at Npgsql.PoolingDataSource.OpenNewConnector(NpgsqlConnection conn, NpgsqlTimeout timeout, Boolean async, CancellationToken cancellationToken)
   at Npgsql.PoolingDataSource.<Get>g__RentAsync|33_0(NpgsqlConnection conn, NpgsqlTimeout timeout, Boolean async, CancellationToken cancellationToken)
   at Npgsql.NpgsqlConnection.<Open>g__OpenAsync|42_0(Boolean async, CancellationToken cancellationToken)
   at Npgsql.NpgsqlConnection.Open()
   at Hangfire.PostgreSql.PostgreSqlStorage.CreateAndOpenConnection()
   at Hangfire.PostgreSql.PostgreSqlStorage.UseConnection[T](DbConnection dedicatedConnection, Func`2 func)
   at Hangfire.PostgreSql.PostgreSqlConnection.AnnounceServer(String serverId, ServerContext context)
   at Hangfire.Server.BackgroundServerProcess.CreateServer(BackgroundServerContext context) in C:\projects\hangfire-525\src\Hangfire.Core\Server\BackgroundServerProcess.cs:line 209
   at Hangfire.Server.BackgroundServerProcess.Execute(Guid executionId, BackgroundExecution execution, CancellationToken stoppingToken, CancellationToken stoppedToken, CancellationToken shutdownToken) in C:\projects\hangfire-525\src\Hangfire.Core\Server\BackgroundServerProcess.cs:line 101
   at Hangfire.Server.BackgroundProcessingServer.RunServer(Guid executionId, Object state) in C:\projects\hangfire-525\src\Hangfire.Core\Server\BackgroundProcessingServer.cs:line 249
   at Hangfire.Processing.BackgroundExecution.Run(Action`2 callback, Object state) in C:\projects\hangfire-525\src\Hangfire.Core\Processing\BackgroundExecution.cs:line 118
  Exception data:
    Severity: FATAL
    SqlState: 28P01
    MessageText: password authentication failed for user "enjaz"
    File: auth.c
    Line: 320
    Routine: auth_failed
2026-07-04 03:05:22.765 +03:00 [INF] HTTP GET /swagger/index.html responded 200 in 0.6833 ms
2026-07-04 03:05:22.816 +03:00 [ERR] Health check postgresql with status "Unhealthy" completed after 49.233ms with message '28P01: password authentication failed for user "enjaz"'
Npgsql.PostgresException (0x80004005): 28P01: password authentication failed for user "enjaz"
   at Npgsql.Internal.NpgsqlConnector.ReadMessageLong(Boolean async, DataRowLoadingMode dataRowLoadingMode, Boolean readingNotifications, Boolean isReadingPrependedMessage)
   at System.Runtime.CompilerServices.PoolingAsyncValueTaskMethodBuilder`1.StateMachineBox`1.System.Threading.Tasks.Sources.IValueTaskSource<TResult>.GetResult(Int16 token)
   at Npgsql.Internal.NpgsqlConnector.AuthenticateSASL(List`1 mechanisms, String username, Boolean async, CancellationToken cancellationToken)
   at Npgsql.Internal.NpgsqlConnector.Authenticate(String username, NpgsqlTimeout timeout, Boolean async, CancellationToken cancellationToken)
   at Npgsql.Internal.NpgsqlConnector.<Open>g__OpenCore|209_0(NpgsqlConnector conn, String username, SslMode sslMode, GssEncryptionMode gssEncMode, NpgsqlTimeout timeout, Boolean async, CancellationToken cancellationToken)
   at Npgsql.Internal.NpgsqlConnector.<Open>g__OpenCore|209_0(NpgsqlConnector conn, String username, SslMode sslMode, GssEncryptionMode gssEncMode, NpgsqlTimeout timeout, Boolean async, CancellationToken cancellationToken)
   at Npgsql.Internal.NpgsqlConnector.Open(NpgsqlTimeout timeout, Boolean async, CancellationToken cancellationToken)
   at Npgsql.PoolingDataSource.OpenNewConnector(NpgsqlConnection conn, NpgsqlTimeout timeout, Boolean async, CancellationToken cancellationToken)
   at Npgsql.PoolingDataSource.<Get>g__RentAsync|33_0(NpgsqlConnection conn, NpgsqlTimeout timeout, Boolean async, CancellationToken cancellationToken)
   at Npgsql.NpgsqlConnection.<Open>g__OpenAsync|42_0(Boolean async, CancellationToken cancellationToken)
   at HealthChecks.NpgSql.NpgSqlHealthCheck.CheckHealthAsync(HealthCheckContext context, CancellationToken cancellationToken) in /home/runner/work/AspNetCore.Diagnostics.HealthChecks/AspNetCore.Diagnostics.HealthChecks/src/HealthChecks.NpgSql/NpgSqlHealthCheck.cs:line 31
   at HealthChecks.NpgSql.NpgSqlHealthCheck.CheckHealthAsync(HealthCheckContext context, CancellationToken cancellationToken) in /home/runner/work/AspNetCore.Diagnostics.HealthChecks/AspNetCore.Diagnostics.HealthChecks/src/HealthChecks.NpgSql/NpgSqlHealthCheck.cs:line 37
  Exception data:
    Severity: FATAL
    SqlState: 28P01
    MessageText: password authentication failed for user "enjaz"
    File: auth.c
    Line: 320
    Routine: auth_failed
2026-07-04 03:05:22.824 +03:00 [ERR] HTTP GET /health responded 503 in 59.9071 ms
2026-07-04 03:05:32.590 +03:00 [ERR] Execution BackgroundServerProcess is still in the Failed state for 00:00:46.7273026 due to an exception, will be retried in no more than 00:00:15
Npgsql.PostgresException (0x80004005): 28P01: password authentication failed for user "enjaz"
   at Npgsql.Internal.NpgsqlConnector.ReadMessageLong(Boolean async, DataRowLoadingMode dataRowLoadingMode, Boolean readingNotifications, Boolean isReadingPrependedMessage)
   at System.Runtime.CompilerServices.PoolingAsyncValueTaskMethodBuilder`1.StateMachineBox`1.System.Threading.Tasks.Sources.IValueTaskSource<TResult>.GetResult(Int16 token)
   at Npgsql.Internal.NpgsqlConnector.AuthenticateSASL(List`1 mechanisms, String username, Boolean async, CancellationToken cancellationToken)
   at Npgsql.Internal.NpgsqlConnector.Authenticate(String username, NpgsqlTimeout timeout, Boolean async, CancellationToken cancellationToken)
   at Npgsql.Internal.NpgsqlConnector.<Open>g__OpenCore|209_0(NpgsqlConnector conn, String username, SslMode sslMode, GssEncryptionMode gssEncMode, NpgsqlTimeout timeout, Boolean async, CancellationToken cancellationToken)
   at Npgsql.Internal.NpgsqlConnector.<Open>g__OpenCore|209_0(NpgsqlConnector conn, String username, SslMode sslMode, GssEncryptionMode gssEncMode, NpgsqlTimeout timeout, Boolean async, CancellationToken cancellationToken)
   at Npgsql.Internal.NpgsqlConnector.Open(NpgsqlTimeout timeout, Boolean async, CancellationToken cancellationToken)
   at Npgsql.PoolingDataSource.OpenNewConnector(NpgsqlConnection conn, NpgsqlTimeout timeout, Boolean async, CancellationToken cancellationToken)
   at Npgsql.PoolingDataSource.<Get>g__RentAsync|33_0(NpgsqlConnection conn, NpgsqlTimeout timeout, Boolean async, CancellationToken cancellationToken)
   at Npgsql.NpgsqlConnection.<Open>g__OpenAsync|42_0(Boolean async, CancellationToken cancellationToken)
   at Npgsql.NpgsqlConnection.Open()
   at Hangfire.PostgreSql.PostgreSqlStorage.CreateAndOpenConnection()
   at Hangfire.PostgreSql.PostgreSqlStorage.UseConnection[T](DbConnection dedicatedConnection, Func`2 func)
   at Hangfire.PostgreSql.PostgreSqlConnection.AnnounceServer(String serverId, ServerContext context)
   at Hangfire.Server.BackgroundServerProcess.CreateServer(BackgroundServerContext context) in C:\projects\hangfire-525\src\Hangfire.Core\Server\BackgroundServerProcess.cs:line 209
   at Hangfire.Server.BackgroundServerProcess.Execute(Guid executionId, BackgroundExecution execution, CancellationToken stoppingToken, CancellationToken stoppedToken, CancellationToken shutdownToken) in C:\projects\hangfire-525\src\Hangfire.Core\Server\BackgroundServerProcess.cs:line 101
   at Hangfire.Server.BackgroundProcessingServer.RunServer(Guid executionId, Object state) in C:\projects\hangfire-525\src\Hangfire.Core\Server\BackgroundProcessingServer.cs:line 249
   at Hangfire.Processing.BackgroundExecution.Run(Action`2 callback, Object state) in C:\projects\hangfire-525\src\Hangfire.Core\Processing\BackgroundExecution.cs:line 118
  Exception data:
    Severity: FATAL
    SqlState: 28P01
    MessageText: password authentication failed for user "enjaz"
    File: auth.c
    Line: 320
    Routine: auth_failed
2026-07-04 03:05:55.500 +03:00 [INF] Starting Enjaz API.
2026-07-04 03:06:27.567 +03:00 [INF] Starting Hangfire Server using job storage: 'PostgreSQL Server: Host: localhost, DB: enjaz_dev, Schema: hangfire'
2026-07-04 03:06:27.864 +03:00 [INF] Using the following options for PostgreSQL job storage:
2026-07-04 03:06:27.893 +03:00 [INF]     Queue poll interval: 00:00:15.
2026-07-04 03:06:27.927 +03:00 [INF]     Invisibility timeout: 00:30:00.
2026-07-04 03:06:27.960 +03:00 [INF]     Use sliding invisibility timeout: False.
2026-07-04 03:06:27.994 +03:00 [INF] Using the following options for Hangfire Server:
    Worker count: 20
    Listening queues: 'default'
    Shutdown timeout: 00:00:15
    Schedule polling interval: 00:00:15
2026-07-04 03:06:59.687 +03:00 [ERR] Execution BackgroundServerProcess is in the Failed state now due to an exception, execution will be retried in no more than 00:00:15
Npgsql.PostgresException (0x80004005): 28P01: password authentication failed for user "enjaz"
   at Npgsql.Internal.NpgsqlConnector.ReadMessageLong(Boolean async, DataRowLoadingMode dataRowLoadingMode, Boolean readingNotifications, Boolean isReadingPrependedMessage)
   at System.Runtime.CompilerServices.PoolingAsyncValueTaskMethodBuilder`1.StateMachineBox`1.System.Threading.Tasks.Sources.IValueTaskSource<TResult>.GetResult(Int16 token)
   at Npgsql.Internal.NpgsqlConnector.AuthenticateSASL(List`1 mechanisms, String username, Boolean async, CancellationToken cancellationToken)
   at Npgsql.Internal.NpgsqlConnector.Authenticate(String username, NpgsqlTimeout timeout, Boolean async, CancellationToken cancellationToken)
   at Npgsql.Internal.NpgsqlConnector.<Open>g__OpenCore|209_0(NpgsqlConnector conn, String username, SslMode sslMode, GssEncryptionMode gssEncMode, NpgsqlTimeout timeout, Boolean async, CancellationToken cancellationToken)
   at Npgsql.Internal.NpgsqlConnector.<Open>g__OpenCore|209_0(NpgsqlConnector conn, String username, SslMode sslMode, GssEncryptionMode gssEncMode, NpgsqlTimeout timeout, Boolean async, CancellationToken cancellationToken)
   at Npgsql.Internal.NpgsqlConnector.Open(NpgsqlTimeout timeout, Boolean async, CancellationToken cancellationToken)
   at Npgsql.PoolingDataSource.OpenNewConnector(NpgsqlConnection conn, NpgsqlTimeout timeout, Boolean async, CancellationToken cancellationToken)
   at Npgsql.PoolingDataSource.<Get>g__RentAsync|33_0(NpgsqlConnection conn, NpgsqlTimeout timeout, Boolean async, CancellationToken cancellationToken)
   at Npgsql.NpgsqlConnection.<Open>g__OpenAsync|42_0(Boolean async, CancellationToken cancellationToken)
   at Npgsql.NpgsqlConnection.Open()
   at Hangfire.PostgreSql.PostgreSqlStorage.CreateAndOpenConnection()
   at Hangfire.PostgreSql.PostgreSqlStorage.UseConnection[T](DbConnection dedicatedConnection, Func`2 func)
   at Hangfire.PostgreSql.PostgreSqlConnection.AnnounceServer(String serverId, ServerContext context)
   at Hangfire.Server.BackgroundServerProcess.CreateServer(BackgroundServerContext context) in C:\projects\hangfire-525\src\Hangfire.Core\Server\BackgroundServerProcess.cs:line 209
   at Hangfire.Server.BackgroundServerProcess.Execute(Guid executionId, BackgroundExecution execution, CancellationToken stoppingToken, CancellationToken stoppedToken, CancellationToken shutdownToken) in C:\projects\hangfire-525\src\Hangfire.Core\Server\BackgroundServerProcess.cs:line 101
   at Hangfire.Server.BackgroundProcessingServer.RunServer(Guid executionId, Object state) in C:\projects\hangfire-525\src\Hangfire.Core\Server\BackgroundProcessingServer.cs:line 249
   at Hangfire.Processing.BackgroundExecution.Run(Action`2 callback, Object state) in C:\projects\hangfire-525\src\Hangfire.Core\Processing\BackgroundExecution.cs:line 118
  Exception data:
    Severity: FATAL
    SqlState: 28P01
    MessageText: password authentication failed for user "enjaz"
    File: auth.c
    Line: 320
    Routine: auth_failed
2026-07-04 03:06:59.786 +03:00 [WRN] Failed to determine the https port for redirect.
2026-07-04 03:06:59.872 +03:00 [ERR] Health check postgresql with status "Unhealthy" completed after 64.7935ms with message '28P01: password authentication failed for user "enjaz"'
Npgsql.PostgresException (0x80004005): 28P01: password authentication failed for user "enjaz"
   at Npgsql.Internal.NpgsqlConnector.ReadMessageLong(Boolean async, DataRowLoadingMode dataRowLoadingMode, Boolean readingNotifications, Boolean isReadingPrependedMessage)
   at System.Runtime.CompilerServices.PoolingAsyncValueTaskMethodBuilder`1.StateMachineBox`1.System.Threading.Tasks.Sources.IValueTaskSource<TResult>.GetResult(Int16 token)
   at Npgsql.Internal.NpgsqlConnector.AuthenticateSASL(List`1 mechanisms, String username, Boolean async, CancellationToken cancellationToken)
   at Npgsql.Internal.NpgsqlConnector.Authenticate(String username, NpgsqlTimeout timeout, Boolean async, CancellationToken cancellationToken)
   at Npgsql.Internal.NpgsqlConnector.<Open>g__OpenCore|209_0(NpgsqlConnector conn, String username, SslMode sslMode, GssEncryptionMode gssEncMode, NpgsqlTimeout timeout, Boolean async, CancellationToken cancellationToken)
   at Npgsql.Internal.NpgsqlConnector.<Open>g__OpenCore|209_0(NpgsqlConnector conn, String username, SslMode sslMode, GssEncryptionMode gssEncMode, NpgsqlTimeout timeout, Boolean async, CancellationToken cancellationToken)
   at Npgsql.Internal.NpgsqlConnector.Open(NpgsqlTimeout timeout, Boolean async, CancellationToken cancellationToken)
   at Npgsql.PoolingDataSource.OpenNewConnector(NpgsqlConnection conn, NpgsqlTimeout timeout, Boolean async, CancellationToken cancellationToken)
   at Npgsql.PoolingDataSource.<Get>g__RentAsync|33_0(NpgsqlConnection conn, NpgsqlTimeout timeout, Boolean async, CancellationToken cancellationToken)
   at Npgsql.NpgsqlConnection.<Open>g__OpenAsync|42_0(Boolean async, CancellationToken cancellationToken)
   at HealthChecks.NpgSql.NpgSqlHealthCheck.CheckHealthAsync(HealthCheckContext context, CancellationToken cancellationToken) in /home/runner/work/AspNetCore.Diagnostics.HealthChecks/AspNetCore.Diagnostics.HealthChecks/src/HealthChecks.NpgSql/NpgSqlHealthCheck.cs:line 31
   at HealthChecks.NpgSql.NpgSqlHealthCheck.CheckHealthAsync(HealthCheckContext context, CancellationToken cancellationToken) in /home/runner/work/AspNetCore.Diagnostics.HealthChecks/AspNetCore.Diagnostics.HealthChecks/src/HealthChecks.NpgSql/NpgSqlHealthCheck.cs:line 37
  Exception data:
    Severity: FATAL
    SqlState: 28P01
    MessageText: password authentication failed for user "enjaz"
    File: auth.c
    Line: 320
    Routine: auth_failed
2026-07-04 03:06:59.904 +03:00 [ERR] HTTP GET /health responded 503 in 134.8575 ms
2026-07-04 03:07:31.633 +03:00 [ERR] HTTP GET /hangfire responded 500 in 31865.0135 ms
Npgsql.PostgresException (0x80004005): 28P01: password authentication failed for user "enjaz"
   at Npgsql.Internal.NpgsqlConnector.ReadMessageLong(Boolean async, DataRowLoadingMode dataRowLoadingMode, Boolean readingNotifications, Boolean isReadingPrependedMessage)
   at System.Runtime.CompilerServices.PoolingAsyncValueTaskMethodBuilder`1.StateMachineBox`1.System.Threading.Tasks.Sources.IValueTaskSource<TResult>.GetResult(Int16 token)
   at Npgsql.Internal.NpgsqlConnector.AuthenticateSASL(List`1 mechanisms, String username, Boolean async, CancellationToken cancellationToken)
   at Npgsql.Internal.NpgsqlConnector.Authenticate(String username, NpgsqlTimeout timeout, Boolean async, CancellationToken cancellationToken)
   at Npgsql.Internal.NpgsqlConnector.<Open>g__OpenCore|209_0(NpgsqlConnector conn, String username, SslMode sslMode, GssEncryptionMode gssEncMode, NpgsqlTimeout timeout, Boolean async, CancellationToken cancellationToken)
   at Npgsql.Internal.NpgsqlConnector.<Open>g__OpenCore|209_0(NpgsqlConnector conn, String username, SslMode sslMode, GssEncryptionMode gssEncMode, NpgsqlTimeout timeout, Boolean async, CancellationToken cancellationToken)
   at Npgsql.Internal.NpgsqlConnector.Open(NpgsqlTimeout timeout, Boolean async, CancellationToken cancellationToken)
   at Npgsql.PoolingDataSource.OpenNewConnector(NpgsqlConnection conn, NpgsqlTimeout timeout, Boolean async, CancellationToken cancellationToken)
   at Npgsql.PoolingDataSource.<Get>g__RentAsync|33_0(NpgsqlConnection conn, NpgsqlTimeout timeout, Boolean async, CancellationToken cancellationToken)
   at Npgsql.NpgsqlConnection.<Open>g__OpenAsync|42_0(Boolean async, CancellationToken cancellationToken)
   at Npgsql.NpgsqlConnection.Open()
   at Hangfire.PostgreSql.PostgreSqlStorage.CreateAndOpenConnection()
   at Hangfire.PostgreSql.PostgreSqlStorage.UseConnection[T](DbConnection dedicatedConnection, Func`2 func)
   at Hangfire.PostgreSql.PostgreSqlMonitoringApi.UseConnection[T](Func`2 func)
   at Hangfire.PostgreSql.PostgreSqlMonitoringApi.GetTimelineStats(IDictionary`2 keyMaps)
   at Hangfire.PostgreSql.PostgreSqlMonitoringApi.GetHourlyTimelineStats(String type)
   at Hangfire.PostgreSql.PostgreSqlMonitoringApi.HourlySucceededJobs()
   at Hangfire.Dashboard.Pages.HomePage.Execute() in C:\projects\hangfire-525\src\Hangfire.Core\Dashboard\Pages\HomePage.cshtml:line 31
   at Hangfire.Dashboard.RazorPage.TransformText(String body) in C:\projects\hangfire-525\src\Hangfire.Core\Dashboard\RazorPage.cs:line 179
   at Hangfire.Dashboard.RazorPage.ToString() in C:\projects\hangfire-525\src\Hangfire.Core\Dashboard\RazorPage.cs:line 103
   at Hangfire.Dashboard.RazorPageDispatcher.Dispatch(DashboardContext context) in C:\projects\hangfire-525\src\Hangfire.Core\Dashboard\RazorPageDispatcher.cs:line 38
   at Hangfire.Dashboard.AspNetCoreDashboardMiddleware.Invoke(HttpContext httpContext) in C:\projects\hangfire-525\src\Hangfire.AspNetCore\Dashboard\AspNetCoreDashboardMiddleware.cs:line 122
   at Microsoft.AspNetCore.Builder.Extensions.MapMiddleware.InvokeCore(HttpContext context, PathString matchedPath, PathString remainingPath)
   at Swashbuckle.AspNetCore.SwaggerUI.SwaggerUIMiddleware.Invoke(HttpContext httpContext)
   at Swashbuckle.AspNetCore.Swagger.SwaggerMiddleware.Invoke(HttpContext httpContext, ISwaggerProvider swaggerProvider)
   at Serilog.AspNetCore.RequestLoggingMiddleware.Invoke(HttpContext httpContext)
  Exception data:
    Severity: FATAL
    SqlState: 28P01
    MessageText: password authentication failed for user "enjaz"
    File: auth.c
    Line: 320
    Routine: auth_failed
2026-07-04 03:07:31.652 +03:00 [ERR] Unhandled exception occurred while processing the request.
Npgsql.PostgresException (0x80004005): 28P01: password authentication failed for user "enjaz"
   at Npgsql.Internal.NpgsqlConnector.ReadMessageLong(Boolean async, DataRowLoadingMode dataRowLoadingMode, Boolean readingNotifications, Boolean isReadingPrependedMessage)
   at System.Runtime.CompilerServices.PoolingAsyncValueTaskMethodBuilder`1.StateMachineBox`1.System.Threading.Tasks.Sources.IValueTaskSource<TResult>.GetResult(Int16 token)
   at Npgsql.Internal.NpgsqlConnector.AuthenticateSASL(List`1 mechanisms, String username, Boolean async, CancellationToken cancellationToken)
   at Npgsql.Internal.NpgsqlConnector.Authenticate(String username, NpgsqlTimeout timeout, Boolean async, CancellationToken cancellationToken)
   at Npgsql.Internal.NpgsqlConnector.<Open>g__OpenCore|209_0(NpgsqlConnector conn, String username, SslMode sslMode, GssEncryptionMode gssEncMode, NpgsqlTimeout timeout, Boolean async, CancellationToken cancellationToken)
   at Npgsql.Internal.NpgsqlConnector.<Open>g__OpenCore|209_0(NpgsqlConnector conn, String username, SslMode sslMode, GssEncryptionMode gssEncMode, NpgsqlTimeout timeout, Boolean async, CancellationToken cancellationToken)
   at Npgsql.Internal.NpgsqlConnector.Open(NpgsqlTimeout timeout, Boolean async, CancellationToken cancellationToken)
   at Npgsql.PoolingDataSource.OpenNewConnector(NpgsqlConnection conn, NpgsqlTimeout timeout, Boolean async, CancellationToken cancellationToken)
   at Npgsql.PoolingDataSource.<Get>g__RentAsync|33_0(NpgsqlConnection conn, NpgsqlTimeout timeout, Boolean async, CancellationToken cancellationToken)
   at Npgsql.NpgsqlConnection.<Open>g__OpenAsync|42_0(Boolean async, CancellationToken cancellationToken)
   at Npgsql.NpgsqlConnection.Open()
   at Hangfire.PostgreSql.PostgreSqlStorage.CreateAndOpenConnection()
   at Hangfire.PostgreSql.PostgreSqlStorage.UseConnection[T](DbConnection dedicatedConnection, Func`2 func)
   at Hangfire.PostgreSql.PostgreSqlMonitoringApi.UseConnection[T](Func`2 func)
   at Hangfire.PostgreSql.PostgreSqlMonitoringApi.GetTimelineStats(IDictionary`2 keyMaps)
   at Hangfire.PostgreSql.PostgreSqlMonitoringApi.GetHourlyTimelineStats(String type)
   at Hangfire.PostgreSql.PostgreSqlMonitoringApi.HourlySucceededJobs()
   at Hangfire.Dashboard.Pages.HomePage.Execute() in C:\projects\hangfire-525\src\Hangfire.Core\Dashboard\Pages\HomePage.cshtml:line 31
   at Hangfire.Dashboard.RazorPage.TransformText(String body) in C:\projects\hangfire-525\src\Hangfire.Core\Dashboard\RazorPage.cs:line 179
   at Hangfire.Dashboard.RazorPage.ToString() in C:\projects\hangfire-525\src\Hangfire.Core\Dashboard\RazorPage.cs:line 103
   at Hangfire.Dashboard.RazorPageDispatcher.Dispatch(DashboardContext context) in C:\projects\hangfire-525\src\Hangfire.Core\Dashboard\RazorPageDispatcher.cs:line 38
   at Hangfire.Dashboard.AspNetCoreDashboardMiddleware.Invoke(HttpContext httpContext) in C:\projects\hangfire-525\src\Hangfire.AspNetCore\Dashboard\AspNetCoreDashboardMiddleware.cs:line 122
   at Microsoft.AspNetCore.Builder.Extensions.MapMiddleware.InvokeCore(HttpContext context, PathString matchedPath, PathString remainingPath)
   at Swashbuckle.AspNetCore.SwaggerUI.SwaggerUIMiddleware.Invoke(HttpContext httpContext)
   at Swashbuckle.AspNetCore.Swagger.SwaggerMiddleware.Invoke(HttpContext httpContext, ISwaggerProvider swaggerProvider)
   at Serilog.AspNetCore.RequestLoggingMiddleware.Invoke(HttpContext httpContext)
   at Enjaz.BuildingBlocks.Exceptions.GlobalExceptionHandlingMiddleware.InvokeAsync(HttpContext context) in E:\Projects\Enjaz\src\Enjaz.BuildingBlocks\Exceptions\GlobalExceptionHandlingMiddleware.cs:line 25
  Exception data:
    Severity: FATAL
    SqlState: 28P01
    MessageText: password authentication failed for user "enjaz"
    File: auth.c
    Line: 320
    Routine: auth_failed
2026-07-04 03:08:03.417 +03:00 [ERR] Execution BackgroundServerProcess is still in the Failed state for 00:01:03.7012408 due to an exception, will be retried in no more than 00:00:15
Npgsql.PostgresException (0x80004005): 28P01: password authentication failed for user "enjaz"
   at Npgsql.Internal.NpgsqlConnector.ReadMessageLong(Boolean async, DataRowLoadingMode dataRowLoadingMode, Boolean readingNotifications, Boolean isReadingPrependedMessage)
   at System.Runtime.CompilerServices.PoolingAsyncValueTaskMethodBuilder`1.StateMachineBox`1.System.Threading.Tasks.Sources.IValueTaskSource<TResult>.GetResult(Int16 token)
   at Npgsql.Internal.NpgsqlConnector.AuthenticateSASL(List`1 mechanisms, String username, Boolean async, CancellationToken cancellationToken)
   at Npgsql.Internal.NpgsqlConnector.Authenticate(String username, NpgsqlTimeout timeout, Boolean async, CancellationToken cancellationToken)
   at Npgsql.Internal.NpgsqlConnector.<Open>g__OpenCore|209_0(NpgsqlConnector conn, String username, SslMode sslMode, GssEncryptionMode gssEncMode, NpgsqlTimeout timeout, Boolean async, CancellationToken cancellationToken)
   at Npgsql.Internal.NpgsqlConnector.<Open>g__OpenCore|209_0(NpgsqlConnector conn, String username, SslMode sslMode, GssEncryptionMode gssEncMode, NpgsqlTimeout timeout, Boolean async, CancellationToken cancellationToken)
   at Npgsql.Internal.NpgsqlConnector.Open(NpgsqlTimeout timeout, Boolean async, CancellationToken cancellationToken)
   at Npgsql.PoolingDataSource.OpenNewConnector(NpgsqlConnection conn, NpgsqlTimeout timeout, Boolean async, CancellationToken cancellationToken)
   at Npgsql.PoolingDataSource.<Get>g__RentAsync|33_0(NpgsqlConnection conn, NpgsqlTimeout timeout, Boolean async, CancellationToken cancellationToken)
   at Npgsql.NpgsqlConnection.<Open>g__OpenAsync|42_0(Boolean async, CancellationToken cancellationToken)
   at Npgsql.NpgsqlConnection.Open()
   at Hangfire.PostgreSql.PostgreSqlStorage.CreateAndOpenConnection()
   at Hangfire.PostgreSql.PostgreSqlStorage.UseConnection[T](DbConnection dedicatedConnection, Func`2 func)
   at Hangfire.PostgreSql.PostgreSqlConnection.AnnounceServer(String serverId, ServerContext context)
   at Hangfire.Server.BackgroundServerProcess.CreateServer(BackgroundServerContext context) in C:\projects\hangfire-525\src\Hangfire.Core\Server\BackgroundServerProcess.cs:line 209
   at Hangfire.Server.BackgroundServerProcess.Execute(Guid executionId, BackgroundExecution execution, CancellationToken stoppingToken, CancellationToken stoppedToken, CancellationToken shutdownToken) in C:\projects\hangfire-525\src\Hangfire.Core\Server\BackgroundServerProcess.cs:line 101
   at Hangfire.Server.BackgroundProcessingServer.RunServer(Guid executionId, Object state) in C:\projects\hangfire-525\src\Hangfire.Core\Server\BackgroundProcessingServer.cs:line 249
   at Hangfire.Processing.BackgroundExecution.Run(Action`2 callback, Object state) in C:\projects\hangfire-525\src\Hangfire.Core\Processing\BackgroundExecution.cs:line 118
  Exception data:
    Severity: FATAL
    SqlState: 28P01
    MessageText: password authentication failed for user "enjaz"
    File: auth.c
    Line: 320
    Routine: auth_failed
2026-07-04 03:08:49.936 +03:00 [ERR] Execution BackgroundServerProcess is still in the Failed state for 00:01:50.2198791 due to an exception, will be retried in no more than 00:00:15
Npgsql.PostgresException (0x80004005): 28P01: password authentication failed for user "enjaz"
   at Npgsql.Internal.NpgsqlConnector.ReadMessageLong(Boolean async, DataRowLoadingMode dataRowLoadingMode, Boolean readingNotifications, Boolean isReadingPrependedMessage)
   at System.Runtime.CompilerServices.PoolingAsyncValueTaskMethodBuilder`1.StateMachineBox`1.System.Threading.Tasks.Sources.IValueTaskSource<TResult>.GetResult(Int16 token)
   at Npgsql.Internal.NpgsqlConnector.AuthenticateSASL(List`1 mechanisms, String username, Boolean async, CancellationToken cancellationToken)
   at Npgsql.Internal.NpgsqlConnector.Authenticate(String username, NpgsqlTimeout timeout, Boolean async, CancellationToken cancellationToken)
   at Npgsql.Internal.NpgsqlConnector.<Open>g__OpenCore|209_0(NpgsqlConnector conn, String username, SslMode sslMode, GssEncryptionMode gssEncMode, NpgsqlTimeout timeout, Boolean async, CancellationToken cancellationToken)
   at Npgsql.Internal.NpgsqlConnector.<Open>g__OpenCore|209_0(NpgsqlConnector conn, String username, SslMode sslMode, GssEncryptionMode gssEncMode, NpgsqlTimeout timeout, Boolean async, CancellationToken cancellationToken)
   at Npgsql.Internal.NpgsqlConnector.Open(NpgsqlTimeout timeout, Boolean async, CancellationToken cancellationToken)
   at Npgsql.PoolingDataSource.OpenNewConnector(NpgsqlConnection conn, NpgsqlTimeout timeout, Boolean async, CancellationToken cancellationToken)
   at Npgsql.PoolingDataSource.<Get>g__RentAsync|33_0(NpgsqlConnection conn, NpgsqlTimeout timeout, Boolean async, CancellationToken cancellationToken)
   at Npgsql.NpgsqlConnection.<Open>g__OpenAsync|42_0(Boolean async, CancellationToken cancellationToken)
   at Npgsql.NpgsqlConnection.Open()
   at Hangfire.PostgreSql.PostgreSqlStorage.CreateAndOpenConnection()
   at Hangfire.PostgreSql.PostgreSqlStorage.UseConnection[T](DbConnection dedicatedConnection, Func`2 func)
   at Hangfire.PostgreSql.PostgreSqlConnection.AnnounceServer(String serverId, ServerContext context)
   at Hangfire.Server.BackgroundServerProcess.CreateServer(BackgroundServerContext context) in C:\projects\hangfire-525\src\Hangfire.Core\Server\BackgroundServerProcess.cs:line 209
   at Hangfire.Server.BackgroundServerProcess.Execute(Guid executionId, BackgroundExecution execution, CancellationToken stoppingToken, CancellationToken stoppedToken, CancellationToken shutdownToken) in C:\projects\hangfire-525\src\Hangfire.Core\Server\BackgroundServerProcess.cs:line 101
   at Hangfire.Server.BackgroundProcessingServer.RunServer(Guid executionId, Object state) in C:\projects\hangfire-525\src\Hangfire.Core\Server\BackgroundProcessingServer.cs:line 249
   at Hangfire.Processing.BackgroundExecution.Run(Action`2 callback, Object state) in C:\projects\hangfire-525\src\Hangfire.Core\Processing\BackgroundExecution.cs:line 118
  Exception data:
    Severity: FATAL
    SqlState: 28P01
    MessageText: password authentication failed for user "enjaz"
    File: auth.c
    Line: 320
    Routine: auth_failed
2026-07-04 03:09:36.674 +03:00 [ERR] Execution BackgroundServerProcess is still in the Failed state for 00:02:36.9579495 due to an exception, will be retried in no more than 00:00:15
Npgsql.PostgresException (0x80004005): 28P01: password authentication failed for user "enjaz"
   at Npgsql.Internal.NpgsqlConnector.ReadMessageLong(Boolean async, DataRowLoadingMode dataRowLoadingMode, Boolean readingNotifications, Boolean isReadingPrependedMessage)
   at System.Runtime.CompilerServices.PoolingAsyncValueTaskMethodBuilder`1.StateMachineBox`1.System.Threading.Tasks.Sources.IValueTaskSource<TResult>.GetResult(Int16 token)
   at Npgsql.Internal.NpgsqlConnector.AuthenticateSASL(List`1 mechanisms, String username, Boolean async, CancellationToken cancellationToken)
   at Npgsql.Internal.NpgsqlConnector.Authenticate(String username, NpgsqlTimeout timeout, Boolean async, CancellationToken cancellationToken)
   at Npgsql.Internal.NpgsqlConnector.<Open>g__OpenCore|209_0(NpgsqlConnector conn, String username, SslMode sslMode, GssEncryptionMode gssEncMode, NpgsqlTimeout timeout, Boolean async, CancellationToken cancellationToken)
   at Npgsql.Internal.NpgsqlConnector.<Open>g__OpenCore|209_0(NpgsqlConnector conn, String username, SslMode sslMode, GssEncryptionMode gssEncMode, NpgsqlTimeout timeout, Boolean async, CancellationToken cancellationToken)
   at Npgsql.Internal.NpgsqlConnector.Open(NpgsqlTimeout timeout, Boolean async, CancellationToken cancellationToken)
   at Npgsql.PoolingDataSource.OpenNewConnector(NpgsqlConnection conn, NpgsqlTimeout timeout, Boolean async, CancellationToken cancellationToken)
   at Npgsql.PoolingDataSource.<Get>g__RentAsync|33_0(NpgsqlConnection conn, NpgsqlTimeout timeout, Boolean async, CancellationToken cancellationToken)
   at Npgsql.NpgsqlConnection.<Open>g__OpenAsync|42_0(Boolean async, CancellationToken cancellationToken)
   at Npgsql.NpgsqlConnection.Open()
   at Hangfire.PostgreSql.PostgreSqlStorage.CreateAndOpenConnection()
   at Hangfire.PostgreSql.PostgreSqlStorage.UseConnection[T](DbConnection dedicatedConnection, Func`2 func)
   at Hangfire.PostgreSql.PostgreSqlConnection.AnnounceServer(String serverId, ServerContext context)
   at Hangfire.Server.BackgroundServerProcess.CreateServer(BackgroundServerContext context) in C:\projects\hangfire-525\src\Hangfire.Core\Server\BackgroundServerProcess.cs:line 209
   at Hangfire.Server.BackgroundServerProcess.Execute(Guid executionId, BackgroundExecution execution, CancellationToken stoppingToken, CancellationToken stoppedToken, CancellationToken shutdownToken) in C:\projects\hangfire-525\src\Hangfire.Core\Server\BackgroundServerProcess.cs:line 101
   at Hangfire.Server.BackgroundProcessingServer.RunServer(Guid executionId, Object state) in C:\projects\hangfire-525\src\Hangfire.Core\Server\BackgroundProcessingServer.cs:line 249
   at Hangfire.Processing.BackgroundExecution.Run(Action`2 callback, Object state) in C:\projects\hangfire-525\src\Hangfire.Core\Processing\BackgroundExecution.cs:line 118
  Exception data:
    Severity: FATAL
    SqlState: 28P01
    MessageText: password authentication failed for user "enjaz"
    File: auth.c
    Line: 320
    Routine: auth_failed
2026-07-04 03:10:15.729 +03:00 [INF] Starting Enjaz API.
2026-07-04 03:10:47.678 +03:00 [INF] Starting Hangfire Server using job storage: 'PostgreSQL Server: Host: localhost, DB: enjaz_dev, Schema: hangfire'
2026-07-04 03:10:47.976 +03:00 [INF] Using the following options for PostgreSQL job storage:
2026-07-04 03:10:48.004 +03:00 [INF]     Queue poll interval: 00:00:15.
2026-07-04 03:10:48.038 +03:00 [INF]     Invisibility timeout: 00:30:00.
2026-07-04 03:10:48.070 +03:00 [INF]     Use sliding invisibility timeout: False.
2026-07-04 03:10:48.105 +03:00 [INF] Using the following options for Hangfire Server:
    Worker count: 20
    Listening queues: 'default'
    Shutdown timeout: 00:00:15
    Schedule polling interval: 00:00:15
2026-07-04 03:11:19.750 +03:00 [ERR] Execution BackgroundServerProcess is in the Failed state now due to an exception, execution will be retried in no more than 00:00:15
Npgsql.PostgresException (0x80004005): 28P01: password authentication failed for user "enjaz"
   at Npgsql.Internal.NpgsqlConnector.ReadMessageLong(Boolean async, DataRowLoadingMode dataRowLoadingMode, Boolean readingNotifications, Boolean isReadingPrependedMessage)
   at System.Runtime.CompilerServices.PoolingAsyncValueTaskMethodBuilder`1.StateMachineBox`1.System.Threading.Tasks.Sources.IValueTaskSource<TResult>.GetResult(Int16 token)
   at Npgsql.Internal.NpgsqlConnector.AuthenticateSASL(List`1 mechanisms, String username, Boolean async, CancellationToken cancellationToken)
   at Npgsql.Internal.NpgsqlConnector.Authenticate(String username, NpgsqlTimeout timeout, Boolean async, CancellationToken cancellationToken)
   at Npgsql.Internal.NpgsqlConnector.<Open>g__OpenCore|209_0(NpgsqlConnector conn, String username, SslMode sslMode, GssEncryptionMode gssEncMode, NpgsqlTimeout timeout, Boolean async, CancellationToken cancellationToken)
   at Npgsql.Internal.NpgsqlConnector.<Open>g__OpenCore|209_0(NpgsqlConnector conn, String username, SslMode sslMode, GssEncryptionMode gssEncMode, NpgsqlTimeout timeout, Boolean async, CancellationToken cancellationToken)
   at Npgsql.Internal.NpgsqlConnector.Open(NpgsqlTimeout timeout, Boolean async, CancellationToken cancellationToken)
   at Npgsql.PoolingDataSource.OpenNewConnector(NpgsqlConnection conn, NpgsqlTimeout timeout, Boolean async, CancellationToken cancellationToken)
   at Npgsql.PoolingDataSource.<Get>g__RentAsync|33_0(NpgsqlConnection conn, NpgsqlTimeout timeout, Boolean async, CancellationToken cancellationToken)
   at Npgsql.NpgsqlConnection.<Open>g__OpenAsync|42_0(Boolean async, CancellationToken cancellationToken)
   at Npgsql.NpgsqlConnection.Open()
   at Hangfire.PostgreSql.PostgreSqlStorage.CreateAndOpenConnection()
   at Hangfire.PostgreSql.PostgreSqlStorage.UseConnection[T](DbConnection dedicatedConnection, Func`2 func)
   at Hangfire.PostgreSql.PostgreSqlConnection.AnnounceServer(String serverId, ServerContext context)
   at Hangfire.Server.BackgroundServerProcess.CreateServer(BackgroundServerContext context) in C:\projects\hangfire-525\src\Hangfire.Core\Server\BackgroundServerProcess.cs:line 209
   at Hangfire.Server.BackgroundServerProcess.Execute(Guid executionId, BackgroundExecution execution, CancellationToken stoppingToken, CancellationToken stoppedToken, CancellationToken shutdownToken) in C:\projects\hangfire-525\src\Hangfire.Core\Server\BackgroundServerProcess.cs:line 101
   at Hangfire.Server.BackgroundProcessingServer.RunServer(Guid executionId, Object state) in C:\projects\hangfire-525\src\Hangfire.Core\Server\BackgroundProcessingServer.cs:line 249
   at Hangfire.Processing.BackgroundExecution.Run(Action`2 callback, Object state) in C:\projects\hangfire-525\src\Hangfire.Core\Processing\BackgroundExecution.cs:line 118
  Exception data:
    Severity: FATAL
    SqlState: 28P01
    MessageText: password authentication failed for user "enjaz"
    File: auth.c
    Line: 320
    Routine: auth_failed
2026-07-04 03:11:26.627 +03:00 [WRN] Failed to determine the https port for redirect.
2026-07-04 03:11:26.744 +03:00 [ERR] Health check postgresql with status "Unhealthy" completed after 96.2389ms with message '28P01: password authentication failed for user "enjaz"'
Npgsql.PostgresException (0x80004005): 28P01: password authentication failed for user "enjaz"
   at Npgsql.Internal.NpgsqlConnector.ReadMessageLong(Boolean async, DataRowLoadingMode dataRowLoadingMode, Boolean readingNotifications, Boolean isReadingPrependedMessage)
   at System.Runtime.CompilerServices.PoolingAsyncValueTaskMethodBuilder`1.StateMachineBox`1.System.Threading.Tasks.Sources.IValueTaskSource<TResult>.GetResult(Int16 token)
   at Npgsql.Internal.NpgsqlConnector.AuthenticateSASL(List`1 mechanisms, String username, Boolean async, CancellationToken cancellationToken)
   at Npgsql.Internal.NpgsqlConnector.Authenticate(String username, NpgsqlTimeout timeout, Boolean async, CancellationToken cancellationToken)
   at Npgsql.Internal.NpgsqlConnector.<Open>g__OpenCore|209_0(NpgsqlConnector conn, String username, SslMode sslMode, GssEncryptionMode gssEncMode, NpgsqlTimeout timeout, Boolean async, CancellationToken cancellationToken)
   at Npgsql.Internal.NpgsqlConnector.<Open>g__OpenCore|209_0(NpgsqlConnector conn, String username, SslMode sslMode, GssEncryptionMode gssEncMode, NpgsqlTimeout timeout, Boolean async, CancellationToken cancellationToken)
   at Npgsql.Internal.NpgsqlConnector.Open(NpgsqlTimeout timeout, Boolean async, CancellationToken cancellationToken)
   at Npgsql.PoolingDataSource.OpenNewConnector(NpgsqlConnection conn, NpgsqlTimeout timeout, Boolean async, CancellationToken cancellationToken)
   at Npgsql.PoolingDataSource.<Get>g__RentAsync|33_0(NpgsqlConnection conn, NpgsqlTimeout timeout, Boolean async, CancellationToken cancellationToken)
   at Npgsql.NpgsqlConnection.<Open>g__OpenAsync|42_0(Boolean async, CancellationToken cancellationToken)
   at HealthChecks.NpgSql.NpgSqlHealthCheck.CheckHealthAsync(HealthCheckContext context, CancellationToken cancellationToken) in /home/runner/work/AspNetCore.Diagnostics.HealthChecks/AspNetCore.Diagnostics.HealthChecks/src/HealthChecks.NpgSql/NpgSqlHealthCheck.cs:line 31
   at HealthChecks.NpgSql.NpgSqlHealthCheck.CheckHealthAsync(HealthCheckContext context, CancellationToken cancellationToken) in /home/runner/work/AspNetCore.Diagnostics.HealthChecks/AspNetCore.Diagnostics.HealthChecks/src/HealthChecks.NpgSql/NpgSqlHealthCheck.cs:line 37
  Exception data:
    Severity: FATAL
    SqlState: 28P01
    MessageText: password authentication failed for user "enjaz"
    File: auth.c
    Line: 320
    Routine: auth_failed
2026-07-04 03:11:26.784 +03:00 [ERR] HTTP GET /health responded 503 in 175.9373 ms
2026-07-04 03:11:46.997 +03:00 [INF] Starting Enjaz API.
2026-07-04 03:12:18.936 +03:00 [INF] Starting Hangfire Server using job storage: 'PostgreSQL Server: Host: localhost, DB: enjaz_dev, Schema: hangfire'
2026-07-04 03:12:18.997 +03:00 [INF] Using the following options for PostgreSQL job storage:
2026-07-04 03:12:19.027 +03:00 [INF]     Queue poll interval: 00:00:15.
2026-07-04 03:12:19.060 +03:00 [INF]     Invisibility timeout: 00:30:00.
2026-07-04 03:12:19.094 +03:00 [INF]     Use sliding invisibility timeout: False.
2026-07-04 03:12:19.126 +03:00 [INF] Using the following options for Hangfire Server:
    Worker count: 20
    Listening queues: 'default'
    Shutdown timeout: 00:00:15
    Schedule polling interval: 00:00:15
2026-07-04 03:12:50.537 +03:00 [ERR] Execution BackgroundServerProcess is in the Failed state now due to an exception, execution will be retried in no more than 00:00:15
Npgsql.PostgresException (0x80004005): 28P01: password authentication failed for user "enjaz"
   at Npgsql.Internal.NpgsqlConnector.ReadMessageLong(Boolean async, DataRowLoadingMode dataRowLoadingMode, Boolean readingNotifications, Boolean isReadingPrependedMessage)
   at System.Runtime.CompilerServices.PoolingAsyncValueTaskMethodBuilder`1.StateMachineBox`1.System.Threading.Tasks.Sources.IValueTaskSource<TResult>.GetResult(Int16 token)
   at Npgsql.Internal.NpgsqlConnector.AuthenticateSASL(List`1 mechanisms, String username, Boolean async, CancellationToken cancellationToken)
   at Npgsql.Internal.NpgsqlConnector.Authenticate(String username, NpgsqlTimeout timeout, Boolean async, CancellationToken cancellationToken)
   at Npgsql.Internal.NpgsqlConnector.<Open>g__OpenCore|209_0(NpgsqlConnector conn, String username, SslMode sslMode, GssEncryptionMode gssEncMode, NpgsqlTimeout timeout, Boolean async, CancellationToken cancellationToken)
   at Npgsql.Internal.NpgsqlConnector.<Open>g__OpenCore|209_0(NpgsqlConnector conn, String username, SslMode sslMode, GssEncryptionMode gssEncMode, NpgsqlTimeout timeout, Boolean async, CancellationToken cancellationToken)
   at Npgsql.Internal.NpgsqlConnector.Open(NpgsqlTimeout timeout, Boolean async, CancellationToken cancellationToken)
   at Npgsql.PoolingDataSource.OpenNewConnector(NpgsqlConnection conn, NpgsqlTimeout timeout, Boolean async, CancellationToken cancellationToken)
   at Npgsql.PoolingDataSource.<Get>g__RentAsync|33_0(NpgsqlConnection conn, NpgsqlTimeout timeout, Boolean async, CancellationToken cancellationToken)
   at Npgsql.NpgsqlConnection.<Open>g__OpenAsync|42_0(Boolean async, CancellationToken cancellationToken)
   at Npgsql.NpgsqlConnection.Open()
   at Hangfire.PostgreSql.PostgreSqlStorage.CreateAndOpenConnection()
   at Hangfire.PostgreSql.PostgreSqlStorage.UseConnection[T](DbConnection dedicatedConnection, Func`2 func)
   at Hangfire.PostgreSql.PostgreSqlConnection.AnnounceServer(String serverId, ServerContext context)
   at Hangfire.Server.BackgroundServerProcess.CreateServer(BackgroundServerContext context) in C:\projects\hangfire-525\src\Hangfire.Core\Server\BackgroundServerProcess.cs:line 209
   at Hangfire.Server.BackgroundServerProcess.Execute(Guid executionId, BackgroundExecution execution, CancellationToken stoppingToken, CancellationToken stoppedToken, CancellationToken shutdownToken) in C:\projects\hangfire-525\src\Hangfire.Core\Server\BackgroundServerProcess.cs:line 101
   at Hangfire.Server.BackgroundProcessingServer.RunServer(Guid executionId, Object state) in C:\projects\hangfire-525\src\Hangfire.Core\Server\BackgroundProcessingServer.cs:line 249
   at Hangfire.Processing.BackgroundExecution.Run(Action`2 callback, Object state) in C:\projects\hangfire-525\src\Hangfire.Core\Processing\BackgroundExecution.cs:line 118
  Exception data:
    Severity: FATAL
    SqlState: 28P01
    MessageText: password authentication failed for user "enjaz"
    File: auth.c
    Line: 320
    Routine: auth_failed
2026-07-04 03:13:00.226 +03:00 [WRN] Failed to determine the https port for redirect.
2026-07-04 03:13:00.424 +03:00 [ERR] Health check postgresql with status "Unhealthy" completed after 175.6324ms with message '28P01: password authentication failed for user "enjaz"'
Npgsql.PostgresException (0x80004005): 28P01: password authentication failed for user "enjaz"
   at Npgsql.Internal.NpgsqlConnector.ReadMessageLong(Boolean async, DataRowLoadingMode dataRowLoadingMode, Boolean readingNotifications, Boolean isReadingPrependedMessage)
   at System.Runtime.CompilerServices.PoolingAsyncValueTaskMethodBuilder`1.StateMachineBox`1.System.Threading.Tasks.Sources.IValueTaskSource<TResult>.GetResult(Int16 token)
   at Npgsql.Internal.NpgsqlConnector.AuthenticateSASL(List`1 mechanisms, String username, Boolean async, CancellationToken cancellationToken)
   at Npgsql.Internal.NpgsqlConnector.Authenticate(String username, NpgsqlTimeout timeout, Boolean async, CancellationToken cancellationToken)
   at Npgsql.Internal.NpgsqlConnector.<Open>g__OpenCore|209_0(NpgsqlConnector conn, String username, SslMode sslMode, GssEncryptionMode gssEncMode, NpgsqlTimeout timeout, Boolean async, CancellationToken cancellationToken)
   at Npgsql.Internal.NpgsqlConnector.<Open>g__OpenCore|209_0(NpgsqlConnector conn, String username, SslMode sslMode, GssEncryptionMode gssEncMode, NpgsqlTimeout timeout, Boolean async, CancellationToken cancellationToken)
   at Npgsql.Internal.NpgsqlConnector.Open(NpgsqlTimeout timeout, Boolean async, CancellationToken cancellationToken)
   at Npgsql.PoolingDataSource.OpenNewConnector(NpgsqlConnection conn, NpgsqlTimeout timeout, Boolean async, CancellationToken cancellationToken)
   at Npgsql.PoolingDataSource.<Get>g__RentAsync|33_0(NpgsqlConnection conn, NpgsqlTimeout timeout, Boolean async, CancellationToken cancellationToken)
   at Npgsql.NpgsqlConnection.<Open>g__OpenAsync|42_0(Boolean async, CancellationToken cancellationToken)
   at HealthChecks.NpgSql.NpgSqlHealthCheck.CheckHealthAsync(HealthCheckContext context, CancellationToken cancellationToken) in /home/runner/work/AspNetCore.Diagnostics.HealthChecks/AspNetCore.Diagnostics.HealthChecks/src/HealthChecks.NpgSql/NpgSqlHealthCheck.cs:line 31
   at HealthChecks.NpgSql.NpgSqlHealthCheck.CheckHealthAsync(HealthCheckContext context, CancellationToken cancellationToken) in /home/runner/work/AspNetCore.Diagnostics.HealthChecks/AspNetCore.Diagnostics.HealthChecks/src/HealthChecks.NpgSql/NpgSqlHealthCheck.cs:line 37
  Exception data:
    Severity: FATAL
    SqlState: 28P01
    MessageText: password authentication failed for user "enjaz"
    File: auth.c
    Line: 320
    Routine: auth_failed
2026-07-04 03:13:00.443 +03:00 [ERR] HTTP GET /health responded 503 in 241.1761 ms
2026-07-04 03:13:32.201 +03:00 [ERR] HTTP GET /hangfire responded 500 in 31727.4094 ms
Npgsql.PostgresException (0x80004005): 28P01: password authentication failed for user "enjaz"
   at Npgsql.Internal.NpgsqlConnector.ReadMessageLong(Boolean async, DataRowLoadingMode dataRowLoadingMode, Boolean readingNotifications, Boolean isReadingPrependedMessage)
   at System.Runtime.CompilerServices.PoolingAsyncValueTaskMethodBuilder`1.StateMachineBox`1.System.Threading.Tasks.Sources.IValueTaskSource<TResult>.GetResult(Int16 token)
   at Npgsql.Internal.NpgsqlConnector.AuthenticateSASL(List`1 mechanisms, String username, Boolean async, CancellationToken cancellationToken)
   at Npgsql.Internal.NpgsqlConnector.Authenticate(String username, NpgsqlTimeout timeout, Boolean async, CancellationToken cancellationToken)
   at Npgsql.Internal.NpgsqlConnector.<Open>g__OpenCore|209_0(NpgsqlConnector conn, String username, SslMode sslMode, GssEncryptionMode gssEncMode, NpgsqlTimeout timeout, Boolean async, CancellationToken cancellationToken)
   at Npgsql.Internal.NpgsqlConnector.<Open>g__OpenCore|209_0(NpgsqlConnector conn, String username, SslMode sslMode, GssEncryptionMode gssEncMode, NpgsqlTimeout timeout, Boolean async, CancellationToken cancellationToken)
   at Npgsql.Internal.NpgsqlConnector.Open(NpgsqlTimeout timeout, Boolean async, CancellationToken cancellationToken)
   at Npgsql.PoolingDataSource.OpenNewConnector(NpgsqlConnection conn, NpgsqlTimeout timeout, Boolean async, CancellationToken cancellationToken)
   at Npgsql.PoolingDataSource.<Get>g__RentAsync|33_0(NpgsqlConnection conn, NpgsqlTimeout timeout, Boolean async, CancellationToken cancellationToken)
   at Npgsql.NpgsqlConnection.<Open>g__OpenAsync|42_0(Boolean async, CancellationToken cancellationToken)
   at Npgsql.NpgsqlConnection.Open()
   at Hangfire.PostgreSql.PostgreSqlStorage.CreateAndOpenConnection()
   at Hangfire.PostgreSql.PostgreSqlStorage.UseConnection[T](DbConnection dedicatedConnection, Func`2 func)
   at Hangfire.PostgreSql.PostgreSqlMonitoringApi.UseConnection[T](Func`2 func)
   at Hangfire.PostgreSql.PostgreSqlMonitoringApi.GetTimelineStats(IDictionary`2 keyMaps)
   at Hangfire.PostgreSql.PostgreSqlMonitoringApi.GetHourlyTimelineStats(String type)
   at Hangfire.PostgreSql.PostgreSqlMonitoringApi.HourlySucceededJobs()
   at Hangfire.Dashboard.Pages.HomePage.Execute() in C:\projects\hangfire-525\src\Hangfire.Core\Dashboard\Pages\HomePage.cshtml:line 31
   at Hangfire.Dashboard.RazorPage.TransformText(String body) in C:\projects\hangfire-525\src\Hangfire.Core\Dashboard\RazorPage.cs:line 179
   at Hangfire.Dashboard.RazorPage.ToString() in C:\projects\hangfire-525\src\Hangfire.Core\Dashboard\RazorPage.cs:line 103
   at Hangfire.Dashboard.RazorPageDispatcher.Dispatch(DashboardContext context) in C:\projects\hangfire-525\src\Hangfire.Core\Dashboard\RazorPageDispatcher.cs:line 38
   at Hangfire.Dashboard.AspNetCoreDashboardMiddleware.Invoke(HttpContext httpContext) in C:\projects\hangfire-525\src\Hangfire.AspNetCore\Dashboard\AspNetCoreDashboardMiddleware.cs:line 122
   at Microsoft.AspNetCore.Builder.Extensions.MapMiddleware.InvokeCore(HttpContext context, PathString matchedPath, PathString remainingPath)
   at Swashbuckle.AspNetCore.SwaggerUI.SwaggerUIMiddleware.Invoke(HttpContext httpContext)
   at Swashbuckle.AspNetCore.Swagger.SwaggerMiddleware.Invoke(HttpContext httpContext, ISwaggerProvider swaggerProvider)
   at Serilog.AspNetCore.RequestLoggingMiddleware.Invoke(HttpContext httpContext)
  Exception data:
    Severity: FATAL
    SqlState: 28P01
    MessageText: password authentication failed for user "enjaz"
    File: auth.c
    Line: 320
    Routine: auth_failed
2026-07-04 03:13:32.228 +03:00 [ERR] Unhandled exception occurred while processing the request.
Npgsql.PostgresException (0x80004005): 28P01: password authentication failed for user "enjaz"
   at Npgsql.Internal.NpgsqlConnector.ReadMessageLong(Boolean async, DataRowLoadingMode dataRowLoadingMode, Boolean readingNotifications, Boolean isReadingPrependedMessage)
   at System.Runtime.CompilerServices.PoolingAsyncValueTaskMethodBuilder`1.StateMachineBox`1.System.Threading.Tasks.Sources.IValueTaskSource<TResult>.GetResult(Int16 token)
   at Npgsql.Internal.NpgsqlConnector.AuthenticateSASL(List`1 mechanisms, String username, Boolean async, CancellationToken cancellationToken)
   at Npgsql.Internal.NpgsqlConnector.Authenticate(String username, NpgsqlTimeout timeout, Boolean async, CancellationToken cancellationToken)
   at Npgsql.Internal.NpgsqlConnector.<Open>g__OpenCore|209_0(NpgsqlConnector conn, String username, SslMode sslMode, GssEncryptionMode gssEncMode, NpgsqlTimeout timeout, Boolean async, CancellationToken cancellationToken)
   at Npgsql.Internal.NpgsqlConnector.<Open>g__OpenCore|209_0(NpgsqlConnector conn, String username, SslMode sslMode, GssEncryptionMode gssEncMode, NpgsqlTimeout timeout, Boolean async, CancellationToken cancellationToken)
   at Npgsql.Internal.NpgsqlConnector.Open(NpgsqlTimeout timeout, Boolean async, CancellationToken cancellationToken)
   at Npgsql.PoolingDataSource.OpenNewConnector(NpgsqlConnection conn, NpgsqlTimeout timeout, Boolean async, CancellationToken cancellationToken)
   at Npgsql.PoolingDataSource.<Get>g__RentAsync|33_0(NpgsqlConnection conn, NpgsqlTimeout timeout, Boolean async, CancellationToken cancellationToken)
   at Npgsql.NpgsqlConnection.<Open>g__OpenAsync|42_0(Boolean async, CancellationToken cancellationToken)
   at Npgsql.NpgsqlConnection.Open()
   at Hangfire.PostgreSql.PostgreSqlStorage.CreateAndOpenConnection()
   at Hangfire.PostgreSql.PostgreSqlStorage.UseConnection[T](DbConnection dedicatedConnection, Func`2 func)
   at Hangfire.PostgreSql.PostgreSqlMonitoringApi.UseConnection[T](Func`2 func)
   at Hangfire.PostgreSql.PostgreSqlMonitoringApi.GetTimelineStats(IDictionary`2 keyMaps)
   at Hangfire.PostgreSql.PostgreSqlMonitoringApi.GetHourlyTimelineStats(String type)
   at Hangfire.PostgreSql.PostgreSqlMonitoringApi.HourlySucceededJobs()
   at Hangfire.Dashboard.Pages.HomePage.Execute() in C:\projects\hangfire-525\src\Hangfire.Core\Dashboard\Pages\HomePage.cshtml:line 31
   at Hangfire.Dashboard.RazorPage.TransformText(String body) in C:\projects\hangfire-525\src\Hangfire.Core\Dashboard\RazorPage.cs:line 179
   at Hangfire.Dashboard.RazorPage.ToString() in C:\projects\hangfire-525\src\Hangfire.Core\Dashboard\RazorPage.cs:line 103
   at Hangfire.Dashboard.RazorPageDispatcher.Dispatch(DashboardContext context) in C:\projects\hangfire-525\src\Hangfire.Core\Dashboard\RazorPageDispatcher.cs:line 38
   at Hangfire.Dashboard.AspNetCoreDashboardMiddleware.Invoke(HttpContext httpContext) in C:\projects\hangfire-525\src\Hangfire.AspNetCore\Dashboard\AspNetCoreDashboardMiddleware.cs:line 122
   at Microsoft.AspNetCore.Builder.Extensions.MapMiddleware.InvokeCore(HttpContext context, PathString matchedPath, PathString remainingPath)
   at Swashbuckle.AspNetCore.SwaggerUI.SwaggerUIMiddleware.Invoke(HttpContext httpContext)
   at Swashbuckle.AspNetCore.Swagger.SwaggerMiddleware.Invoke(HttpContext httpContext, ISwaggerProvider swaggerProvider)
   at Serilog.AspNetCore.RequestLoggingMiddleware.Invoke(HttpContext httpContext)
   at Enjaz.BuildingBlocks.Exceptions.GlobalExceptionHandlingMiddleware.InvokeAsync(HttpContext context) in E:\Projects\Enjaz\src\Enjaz.BuildingBlocks\Exceptions\GlobalExceptionHandlingMiddleware.cs:line 25
  Exception data:
    Severity: FATAL
    SqlState: 28P01
    MessageText: password authentication failed for user "enjaz"
    File: auth.c
    Line: 320
    Routine: auth_failed
2026-07-04 03:14:03.742 +03:00 [ERR] Execution BackgroundServerProcess is still in the Failed state for 00:01:13.1697010 due to an exception, will be retried in no more than 00:00:15
Npgsql.PostgresException (0x80004005): 28P01: password authentication failed for user "enjaz"
   at Npgsql.Internal.NpgsqlConnector.ReadMessageLong(Boolean async, DataRowLoadingMode dataRowLoadingMode, Boolean readingNotifications, Boolean isReadingPrependedMessage)
   at System.Runtime.CompilerServices.PoolingAsyncValueTaskMethodBuilder`1.StateMachineBox`1.System.Threading.Tasks.Sources.IValueTaskSource<TResult>.GetResult(Int16 token)
   at Npgsql.Internal.NpgsqlConnector.AuthenticateSASL(List`1 mechanisms, String username, Boolean async, CancellationToken cancellationToken)
   at Npgsql.Internal.NpgsqlConnector.Authenticate(String username, NpgsqlTimeout timeout, Boolean async, CancellationToken cancellationToken)
   at Npgsql.Internal.NpgsqlConnector.<Open>g__OpenCore|209_0(NpgsqlConnector conn, String username, SslMode sslMode, GssEncryptionMode gssEncMode, NpgsqlTimeout timeout, Boolean async, CancellationToken cancellationToken)
   at Npgsql.Internal.NpgsqlConnector.<Open>g__OpenCore|209_0(NpgsqlConnector conn, String username, SslMode sslMode, GssEncryptionMode gssEncMode, NpgsqlTimeout timeout, Boolean async, CancellationToken cancellationToken)
   at Npgsql.Internal.NpgsqlConnector.Open(NpgsqlTimeout timeout, Boolean async, CancellationToken cancellationToken)
   at Npgsql.PoolingDataSource.OpenNewConnector(NpgsqlConnection conn, NpgsqlTimeout timeout, Boolean async, CancellationToken cancellationToken)
   at Npgsql.PoolingDataSource.<Get>g__RentAsync|33_0(NpgsqlConnection conn, NpgsqlTimeout timeout, Boolean async, CancellationToken cancellationToken)
   at Npgsql.NpgsqlConnection.<Open>g__OpenAsync|42_0(Boolean async, CancellationToken cancellationToken)
   at Npgsql.NpgsqlConnection.Open()
   at Hangfire.PostgreSql.PostgreSqlStorage.CreateAndOpenConnection()
   at Hangfire.PostgreSql.PostgreSqlStorage.UseConnection[T](DbConnection dedicatedConnection, Func`2 func)
   at Hangfire.PostgreSql.PostgreSqlConnection.AnnounceServer(String serverId, ServerContext context)
   at Hangfire.Server.BackgroundServerProcess.CreateServer(BackgroundServerContext context) in C:\projects\hangfire-525\src\Hangfire.Core\Server\BackgroundServerProcess.cs:line 209
   at Hangfire.Server.BackgroundServerProcess.Execute(Guid executionId, BackgroundExecution execution, CancellationToken stoppingToken, CancellationToken stoppedToken, CancellationToken shutdownToken) in C:\projects\hangfire-525\src\Hangfire.Core\Server\BackgroundServerProcess.cs:line 101
   at Hangfire.Server.BackgroundProcessingServer.RunServer(Guid executionId, Object state) in C:\projects\hangfire-525\src\Hangfire.Core\Server\BackgroundProcessingServer.cs:line 249
   at Hangfire.Processing.BackgroundExecution.Run(Action`2 callback, Object state) in C:\projects\hangfire-525\src\Hangfire.Core\Processing\BackgroundExecution.cs:line 118
  Exception data:
    Severity: FATAL
    SqlState: 28P01
    MessageText: password authentication failed for user "enjaz"
    File: auth.c
    Line: 320
    Routine: auth_failed
