2026-07-04 04:09:35.998 +03:00 [INF] Starting Enjaz API.
2026-07-04 04:11:09.391 +03:00 [INF] Starting Enjaz API.
2026-07-04 04:11:11.633 +03:00 [INF] Start installing Hangfire SQL objects...
2026-07-04 04:11:11.700 +03:00 [INF] Hangfire SQL objects installed.
2026-07-04 04:11:11.843 +03:00 [INF] Starting Hangfire Server using job storage: 'PostgreSQL Server: Host: localhost, DB: enjaz_dev, Schema: hangfire'
2026-07-04 04:11:11.857 +03:00 [INF] Using the following options for PostgreSQL job storage:
2026-07-04 04:11:11.891 +03:00 [INF]     Queue poll interval: 00:00:15.
2026-07-04 04:11:11.924 +03:00 [INF]     Invisibility timeout: 00:30:00.
2026-07-04 04:11:11.968 +03:00 [INF]     Use sliding invisibility timeout: False.
2026-07-04 04:11:11.970 +03:00 [INF] Using the following options for Hangfire Server:
    Worker count: 20
    Listening queues: 'default'
    Shutdown timeout: 00:00:15
    Schedule polling interval: 00:00:15
2026-07-04 04:11:12.117 +03:00 [INF] Server desktop-natubs0:30512:89b829fb successfully announced in 135.4341 ms
2026-07-04 04:11:12.120 +03:00 [INF] Server desktop-natubs0:30512:89b829fb is starting the registered dispatchers: ServerWatchdog, ServerJobCancellationWatcher, ExpirationManager, CountersAggregator, Worker, DelayedJobScheduler, RecurringJobScheduler...
2026-07-04 04:11:12.124 +03:00 [INF] Server desktop-natubs0:30512:89b829fb all the dispatchers started
2026-07-04 04:11:12.125 +03:00 [INF] 1 servers were removed due to timeout
2026-07-04 04:11:12.364 +03:00 [WRN] Failed to determine the https port for redirect.
2026-07-04 04:11:13.373 +03:00 [INF] HTTP GET /health responded 200 in 1029.5766 ms
2026-07-04 04:11:42.401 +03:00 [INF] Starting Enjaz API.
2026-07-04 04:11:42.772 +03:00 [INF] Start installing Hangfire SQL objects...
2026-07-04 04:11:42.881 +03:00 [INF] Hangfire SQL objects installed.
2026-07-04 04:11:43.027 +03:00 [INF] Starting Hangfire Server using job storage: 'PostgreSQL Server: Host: localhost, DB: enjaz_dev, Schema: hangfire'
2026-07-04 04:11:43.045 +03:00 [INF] Using the following options for PostgreSQL job storage:
2026-07-04 04:11:43.078 +03:00 [INF]     Queue poll interval: 00:00:15.
2026-07-04 04:11:43.112 +03:00 [INF]     Invisibility timeout: 00:30:00.
2026-07-04 04:11:43.145 +03:00 [INF]     Use sliding invisibility timeout: False.
2026-07-04 04:11:43.179 +03:00 [INF] Using the following options for Hangfire Server:
    Worker count: 20
    Listening queues: 'default'
    Shutdown timeout: 00:00:15
    Schedule polling interval: 00:00:15
2026-07-04 04:11:43.245 +03:00 [INF] Server desktop-natubs0:17528:3d5eb23d successfully announced in 56.5256 ms
2026-07-04 04:11:43.248 +03:00 [INF] Server desktop-natubs0:17528:3d5eb23d is starting the registered dispatchers: ServerWatchdog, ServerJobCancellationWatcher, ExpirationManager, CountersAggregator, Worker, DelayedJobScheduler, RecurringJobScheduler...
2026-07-04 04:11:43.253 +03:00 [INF] Server desktop-natubs0:17528:3d5eb23d all the dispatchers started
2026-07-04 04:11:43.799 +03:00 [WRN] Failed to determine the https port for redirect.
2026-07-04 04:11:43.919 +03:00 [INF] HTTP GET /health responded 200 in 135.5931 ms
2026-07-04 04:11:43.992 +03:00 [INF] HTTP GET /swagger/index.html responded 200 in 61.8866 ms
2026-07-04 04:12:09.946 +03:00 [INF] Starting Enjaz API.
2026-07-04 04:12:28.068 +03:00 [INF] Starting Enjaz API.
2026-07-04 04:13:23.099 +03:00 [INF] Starting Enjaz API.
2026-07-04 04:13:23.481 +03:00 [INF] Start installing Hangfire SQL objects...
2026-07-04 04:13:23.583 +03:00 [INF] Hangfire SQL objects installed.
2026-07-04 04:13:23.723 +03:00 [INF] Starting Hangfire Server using job storage: 'PostgreSQL Server: Host: localhost, DB: enjaz_dev, Schema: hangfire'
2026-07-04 04:13:23.734 +03:00 [INF] Using the following options for PostgreSQL job storage:
2026-07-04 04:13:23.768 +03:00 [INF]     Queue poll interval: 00:00:15.
2026-07-04 04:13:23.800 +03:00 [INF]     Invisibility timeout: 00:30:00.
2026-07-04 04:13:23.834 +03:00 [INF]     Use sliding invisibility timeout: False.
2026-07-04 04:13:23.867 +03:00 [INF] Using the following options for Hangfire Server:
    Worker count: 20
    Listening queues: 'default'
    Shutdown timeout: 00:00:15
    Schedule polling interval: 00:00:15
2026-07-04 04:13:23.932 +03:00 [INF] Server desktop-natubs0:28228:ab9f1661 successfully announced in 55.0367 ms
2026-07-04 04:13:23.934 +03:00 [INF] Server desktop-natubs0:28228:ab9f1661 is starting the registered dispatchers: ServerWatchdog, ServerJobCancellationWatcher, ExpirationManager, CountersAggregator, Worker, DelayedJobScheduler, RecurringJobScheduler...
2026-07-04 04:13:23.938 +03:00 [INF] Server desktop-natubs0:28228:ab9f1661 all the dispatchers started
2026-07-04 04:13:24.144 +03:00 [WRN] Failed to determine the https port for redirect.
2026-07-04 04:13:24.250 +03:00 [INF] HTTP GET /health responded 200 in 119.9222 ms
2026-07-04 04:13:25.119 +03:00 [INF] Development OTP for 01076023195: 537729
2026-07-04 04:13:25.126 +03:00 [INF] HTTP POST /api/v1/auth/request-otp responded 200 in 839.9353 ms
2026-07-04 04:13:25.690 +03:00 [INF] HTTP POST /api/v1/auth/register-customer responded 200 in 549.4207 ms
2026-07-04 04:13:25.744 +03:00 [INF] HTTP GET /api/v1/customers/me responded 200 in 47.2976 ms
2026-07-04 04:13:25.900 +03:00 [INF] HTTP POST /api/v1/customers/addresses responded 200 in 152.9296 ms
2026-07-04 04:13:25.949 +03:00 [INF] HTTP GET /api/v1/customers/addresses responded 200 in 47.0220 ms
2026-07-04 04:13:25.998 +03:00 [INF] Development OTP for 01076023195: 429958
2026-07-04 04:13:25.998 +03:00 [INF] HTTP POST /api/v1/auth/request-otp responded 200 in 46.8186 ms
2026-07-04 04:13:26.046 +03:00 [INF] HTTP POST /api/v1/auth/login-customer responded 200 in 46.1940 ms
2026-07-04 04:13:26.088 +03:00 [INF] HTTP POST /api/v1/auth/refresh-token responded 200 in 39.6680 ms
2026-07-04 04:13:26.102 +03:00 [INF] HTTP POST /api/v1/auth/logout responded 200 in 12.4168 ms
2026-07-04 04:13:26.109 +03:00 [INF] Development OTP for 01170856594: 252189
2026-07-04 04:13:26.110 +03:00 [INF] HTTP POST /api/v1/auth/request-otp responded 200 in 6.2619 ms
2026-07-04 04:13:26.124 +03:00 [INF] HTTP POST /api/v1/auth/verify-otp responded 200 in 13.3762 ms
2026-07-04 04:15:24.819 +03:00 [INF] Starting Enjaz API.
2026-07-04 04:15:25.390 +03:00 [INF] Start installing Hangfire SQL objects...
2026-07-04 04:15:25.495 +03:00 [INF] Hangfire SQL objects installed.
2026-07-04 04:15:25.651 +03:00 [INF] Starting Hangfire Server using job storage: 'PostgreSQL Server: Host: localhost, DB: enjaz_dev, Schema: hangfire'
2026-07-04 04:15:25.668 +03:00 [INF] Using the following options for PostgreSQL job storage:
2026-07-04 04:15:25.701 +03:00 [INF]     Queue poll interval: 00:00:15.
2026-07-04 04:15:25.735 +03:00 [INF]     Invisibility timeout: 00:30:00.
2026-07-04 04:15:25.768 +03:00 [INF]     Use sliding invisibility timeout: False.
2026-07-04 04:15:25.802 +03:00 [INF] Using the following options for Hangfire Server:
    Worker count: 20
    Listening queues: 'default'
    Shutdown timeout: 00:00:15
    Schedule polling interval: 00:00:15
2026-07-04 04:15:25.878 +03:00 [INF] Server desktop-natubs0:32944:e45ce7c1 successfully announced in 66.316 ms
2026-07-04 04:15:25.881 +03:00 [INF] Server desktop-natubs0:32944:e45ce7c1 is starting the registered dispatchers: ServerWatchdog, ServerJobCancellationWatcher, ExpirationManager, CountersAggregator, Worker, DelayedJobScheduler, RecurringJobScheduler...
2026-07-04 04:15:25.887 +03:00 [INF] Server desktop-natubs0:32944:e45ce7c1 all the dispatchers started
2026-07-04 04:15:25.932 +03:00 [WRN] Failed to determine the https port for redirect.
2026-07-04 04:15:26.114 +03:00 [INF] HTTP GET /health responded 200 in 226.3363 ms
2026-07-04 04:15:26.945 +03:00 [INF] Development OTP for 01287245281: 284415
2026-07-04 04:15:26.952 +03:00 [INF] HTTP POST /api/v1/auth/request-otp responded 200 in 803.3115 ms
2026-07-04 04:15:26.997 +03:00 [INF] HTTP GET /swagger/index.html responded 200 in 33.3044 ms
2026-07-04 05:22:59.116 +03:00 [INF] Starting Enjaz API.
2026-07-04 05:23:00.840 +03:00 [INF] Start installing Hangfire SQL objects...
2026-07-04 05:23:00.905 +03:00 [INF] Hangfire SQL objects installed.
2026-07-04 05:23:01.372 +03:00 [INF] Starting Hangfire Server using job storage: 'PostgreSQL Server: Host: localhost, DB: enjaz_dev, Schema: hangfire'
2026-07-04 05:23:01.373 +03:00 [INF] Using the following options for PostgreSQL job storage:
2026-07-04 05:23:01.374 +03:00 [INF]     Queue poll interval: 00:00:15.
2026-07-04 05:23:01.375 +03:00 [INF]     Invisibility timeout: 00:30:00.
2026-07-04 05:23:01.376 +03:00 [INF]     Use sliding invisibility timeout: False.
2026-07-04 05:23:01.377 +03:00 [INF] Using the following options for Hangfire Server:
    Worker count: 20
    Listening queues: 'default'
    Shutdown timeout: 00:00:15
    Schedule polling interval: 00:00:15
2026-07-04 05:23:01.479 +03:00 [INF] Server desktop-natubs0:23880:4045b576 successfully announced in 81.1397 ms
2026-07-04 05:23:01.486 +03:00 [INF] Server desktop-natubs0:23880:4045b576 is starting the registered dispatchers: ServerWatchdog, ServerJobCancellationWatcher, ExpirationManager, CountersAggregator, Worker, DelayedJobScheduler, RecurringJobScheduler...
2026-07-04 05:23:01.647 +03:00 [INF] 4 servers were removed due to timeout
2026-07-04 05:23:01.770 +03:00 [INF] Server desktop-natubs0:23880:4045b576 all the dispatchers started
2026-07-04 05:23:29.948 +03:00 [INF] HTTP GET /swagger responded 301 in 16.6848 ms
2026-07-04 05:23:30.102 +03:00 [INF] HTTP GET /swagger/index.html responded 200 in 121.3399 ms
2026-07-04 05:23:30.152 +03:00 [INF] HTTP GET /swagger/index.js responded 200 in 5.9988 ms
2026-07-04 05:23:30.211 +03:00 [INF] HTTP GET /swagger/index.css responded 200 in 66.5992 ms
2026-07-04 05:23:30.481 +03:00 [INF] HTTP GET /swagger/swagger-ui.css responded 200 in 337.6186 ms
2026-07-04 05:23:30.494 +03:00 [INF] HTTP GET /swagger/swagger-ui-standalone-preset.js responded 200 in 350.3091 ms
2026-07-04 05:23:30.498 +03:00 [INF] HTTP GET /swagger/swagger-ui-bundle.js responded 200 in 353.5343 ms
2026-07-04 05:23:30.636 +03:00 [INF] HTTP GET /swagger/v1/swagger.json responded 200 in 18.2128 ms
2026-07-04 05:23:30.638 +03:00 [INF] HTTP GET /swagger/favicon-32x32.png responded 200 in 2.9700 ms
2026-07-04 05:23:36.390 +03:00 [INF] HTTP GET /swagger/index.html responded 200 in 0.6633 ms
2026-07-04 05:23:36.407 +03:00 [INF] HTTP GET /swagger/swagger-ui.css responded 200 in 0.3427 ms
2026-07-04 05:23:36.411 +03:00 [INF] HTTP GET /swagger/index.css responded 200 in 0.2374 ms
2026-07-04 05:23:36.412 +03:00 [INF] HTTP GET /swagger/swagger-ui-bundle.js responded 200 in 1.1102 ms
2026-07-04 05:23:36.413 +03:00 [INF] HTTP GET /swagger/index.js responded 200 in 0.6362 ms
2026-07-04 05:23:36.413 +03:00 [INF] HTTP GET /swagger/swagger-ui-standalone-preset.js responded 200 in 0.5805 ms
2026-07-04 05:23:36.537 +03:00 [INF] HTTP GET /swagger/v1/swagger.json responded 200 in 4.3083 ms
2026-07-04 05:23:36.551 +03:00 [INF] HTTP GET /swagger/favicon-32x32.png responded 200 in 0.2522 ms
2026-07-04 05:42:47.259 +03:00 [INF] Starting Enjaz API.
2026-07-04 05:43:03.648 +03:00 [INF] Starting Enjaz API.
2026-07-04 05:44:27.779 +03:00 [INF] Starting Enjaz API.
2026-07-04 05:44:29.904 +03:00 [INF] Start installing Hangfire SQL objects...
2026-07-04 05:44:30.011 +03:00 [INF] Hangfire SQL objects installed.
2026-07-04 05:44:30.148 +03:00 [INF] Starting Hangfire Server using job storage: 'PostgreSQL Server: Host: localhost, DB: enjaz_dev, Schema: hangfire'
2026-07-04 05:44:30.166 +03:00 [INF] Using the following options for PostgreSQL job storage:
2026-07-04 05:44:30.200 +03:00 [INF]     Queue poll interval: 00:00:15.
2026-07-04 05:44:30.244 +03:00 [INF]     Invisibility timeout: 00:30:00.
2026-07-04 05:44:30.279 +03:00 [INF]     Use sliding invisibility timeout: False.
2026-07-04 05:44:30.311 +03:00 [INF] Using the following options for Hangfire Server:
    Worker count: 20
    Listening queues: 'default'
    Shutdown timeout: 00:00:15
    Schedule polling interval: 00:00:15
2026-07-04 05:44:30.433 +03:00 [INF] Server desktop-natubs0:16416:88952140 successfully announced in 109.861 ms
2026-07-04 05:44:30.436 +03:00 [INF] Server desktop-natubs0:16416:88952140 is starting the registered dispatchers: ServerWatchdog, ServerJobCancellationWatcher, ExpirationManager, CountersAggregator, Worker, DelayedJobScheduler, RecurringJobScheduler...
2026-07-04 05:44:30.441 +03:00 [INF] Server desktop-natubs0:16416:88952140 all the dispatchers started
2026-07-04 05:44:30.630 +03:00 [WRN] Failed to determine the https port for redirect.
2026-07-04 05:44:31.511 +03:00 [INF] HTTP GET /health responded 200 in 911.3807 ms
2026-07-04 05:44:32.991 +03:00 [INF] Development OTP for 01031544117: 125531
2026-07-04 05:44:32.998 +03:00 [INF] HTTP POST /api/v1/auth/register-customer responded 200 in 1458.4033 ms
2026-07-04 05:44:33.151 +03:00 [INF] HTTP POST /api/v1/auth/login responded 400 in 136.4773 ms
2026-07-04 05:44:33.264 +03:00 [INF] HTTP POST /api/v1/auth/verify-phone responded 200 in 99.6997 ms
2026-07-04 05:44:33.324 +03:00 [INF] HTTP POST /api/v1/auth/login responded 200 in 55.6450 ms
2026-07-04 05:44:33.401 +03:00 [INF] HTTP POST /api/v1/auth/login responded 200 in 75.7155 ms
2026-07-04 05:44:33.500 +03:00 [INF] HTTP POST /api/v1/auth/refresh-token responded 200 in 52.4518 ms
2026-07-04 05:44:33.720 +03:00 [INF] HTTP GET /api/v1/customers/me responded 200 in 38.2538 ms
2026-07-04 05:44:33.750 +03:00 [INF] HTTP POST /api/v1/auth/logout responded 200 in 12.5332 ms
2026-07-04 05:45:00.906 +03:00 [INF] Starting Enjaz API.
2026-07-04 05:45:01.342 +03:00 [INF] Start installing Hangfire SQL objects...
2026-07-04 05:45:01.447 +03:00 [INF] Hangfire SQL objects installed.
2026-07-04 05:45:01.703 +03:00 [INF] Starting Hangfire Server using job storage: 'PostgreSQL Server: Host: localhost, DB: enjaz_dev, Schema: hangfire'
2026-07-04 05:45:01.722 +03:00 [INF] Using the following options for PostgreSQL job storage:
2026-07-04 05:45:01.755 +03:00 [INF]     Queue poll interval: 00:00:15.
2026-07-04 05:45:01.788 +03:00 [INF]     Invisibility timeout: 00:30:00.
2026-07-04 05:45:01.822 +03:00 [INF]     Use sliding invisibility timeout: False.
2026-07-04 05:45:01.855 +03:00 [INF] Using the following options for Hangfire Server:
    Worker count: 20
    Listening queues: 'default'
    Shutdown timeout: 00:00:15
    Schedule polling interval: 00:00:15
2026-07-04 05:45:01.924 +03:00 [INF] Server desktop-natubs0:25096:15436944 successfully announced in 60.5539 ms
2026-07-04 05:45:01.927 +03:00 [INF] Server desktop-natubs0:25096:15436944 is starting the registered dispatchers: ServerWatchdog, ServerJobCancellationWatcher, ExpirationManager, CountersAggregator, Worker, DelayedJobScheduler, RecurringJobScheduler...
2026-07-04 05:45:01.932 +03:00 [INF] Server desktop-natubs0:25096:15436944 all the dispatchers started
2026-07-04 05:45:02.070 +03:00 [WRN] Failed to determine the https port for redirect.
2026-07-04 05:45:02.208 +03:00 [INF] HTTP GET /health responded 200 in 157.5162 ms
2026-07-04 05:45:03.417 +03:00 [INF] Development OTP for 01153267936: 295281
2026-07-04 05:45:03.424 +03:00 [INF] HTTP POST /api/v1/auth/register-customer responded 200 in 1178.1643 ms
2026-07-04 05:45:03.556 +03:00 [INF] Development OTP for 01153267936: 849421
2026-07-04 05:45:03.557 +03:00 [INF] HTTP POST /api/v1/auth/resend-phone-otp responded 200 in 117.4227 ms
2026-07-04 05:45:03.591 +03:00 [INF] HTTP POST /api/v1/auth/request-otp responded 400 in 31.9401 ms
2026-07-04 05:45:24.499 +03:00 [INF] Starting Enjaz API.
2026-07-04 05:46:37.953 +03:00 [INF] Starting Enjaz API.
2026-07-04 05:46:38.647 +03:00 [INF] Start installing Hangfire SQL objects...
2026-07-04 05:46:38.715 +03:00 [INF] Hangfire SQL objects installed.
2026-07-04 05:46:39.195 +03:00 [INF] Starting Hangfire Server using job storage: 'PostgreSQL Server: Host: localhost, DB: enjaz_dev, Schema: hangfire'
2026-07-04 05:46:39.197 +03:00 [INF] Using the following options for PostgreSQL job storage:
2026-07-04 05:46:39.198 +03:00 [INF]     Queue poll interval: 00:00:15.
2026-07-04 05:46:39.199 +03:00 [INF]     Invisibility timeout: 00:30:00.
2026-07-04 05:46:39.199 +03:00 [INF]     Use sliding invisibility timeout: False.
2026-07-04 05:46:39.200 +03:00 [INF] Using the following options for Hangfire Server:
    Worker count: 20
    Listening queues: 'default'
    Shutdown timeout: 00:00:15
    Schedule polling interval: 00:00:15
2026-07-04 05:46:39.257 +03:00 [INF] HTTP GET /swagger/index.html responded 304 in 61.1428 ms
2026-07-04 05:46:39.300 +03:00 [INF] HTTP GET /swagger/index.css responded 304 in 18.1122 ms
2026-07-04 05:46:39.300 +03:00 [INF] HTTP GET /swagger/swagger-ui.css responded 304 in 18.1340 ms
2026-07-04 05:46:39.300 +03:00 [INF] HTTP GET /swagger/swagger-ui-bundle.js responded 304 in 18.2502 ms
2026-07-04 05:46:39.320 +03:00 [INF] HTTP GET /swagger/index.js responded 304 in 0.3571 ms
2026-07-04 05:46:39.320 +03:00 [INF] HTTP GET /swagger/swagger-ui-standalone-preset.js responded 304 in 13.8802 ms
2026-07-04 05:46:39.334 +03:00 [INF] Server desktop-natubs0:16856:7bdf8f93 successfully announced in 114.6042 ms
2026-07-04 05:46:39.343 +03:00 [INF] Server desktop-natubs0:16856:7bdf8f93 is starting the registered dispatchers: ServerWatchdog, ServerJobCancellationWatcher, ExpirationManager, CountersAggregator, Worker, DelayedJobScheduler, RecurringJobScheduler...
